2025-04-30 13:59:44,476 [INFO] Activator:176 - 


2025-04-30 13:59:44,478 [INFO] Activator:177 - !SESSION log4j initialized
2025-04-30 13:59:46,102 [INFO] LogOutputStream:77 - [STDOUT_REDIRECT] 
2025-04-30 13:59:48,457 [INFO] ApplicationProperties:184 - Using Application install path: /opt/st/stm32cubeide_1.18.0/plugins/com.st.stm32cube.common.mx_6.14.0.202502271554
2025-04-30 13:59:48,475 [INFO] DbMcusXml:78 - Set database path to: /opt/st/stm32cubeide_1.18.0/plugins/com.st.stm32cube.common.mx_6.14.0.202502271554//db//mcu/
2025-04-30 13:59:48,475 [INFO] ApiDb:274 - Set plugin database path to: /opt/st/stm32cubeide_1.18.0/plugins/com.st.stm32cube.common.mx_6.14.0.202502271554//db//plugins/boardmanager/
2025-04-30 13:59:48,476 [WARN] ApiDb:259 - Overriding images path with different value:  => /opt/st/stm32cubeide_1.18.0/plugins/com.st.stm32cube.common.mx_6.14.0.202502271554//db//plugins/mcufinder/images/
2025-04-30 13:59:48,480 [INFO] ApiDb:250 - Set database path to: /home/lcroce/.stmcufinder/plugins/mcufinder//mcu/
2025-04-30 13:59:48,481 [INFO] DbMcusAds:125 - Set database path to: /home/lcroce/.stmcufinder/plugins/mcufinder//mcu/
2025-04-30 13:59:48,483 [INFO] CrossReferenceDbSqlite:203 - Set database path to: /home/lcroce/.stmcufinder/plugins/mcufinder//mcu/cs/
2025-04-30 13:59:48,618 [INFO] RulesReader:64 - Compatibility file has been processed (301 Rules)
2025-04-30 13:59:48,702 [INFO] DbMcusXml:78 - Set database path to: /opt/st/stm32cubeide_1.18.0/plugins/com.st.stm32cube.common.mx_6.14.0.202502271554//db//mcu/
2025-04-30 13:59:48,702 [INFO] ApiDb:274 - Set plugin database path to: /opt/st/stm32cubeide_1.18.0/plugins/com.st.stm32cube.common.mx_6.14.0.202502271554//db//plugins/boardmanager/
2025-04-30 13:59:48,702 [INFO] ApiDb:261 - Set plugin images path to: /opt/st/stm32cubeide_1.18.0/plugins/com.st.stm32cube.common.mx_6.14.0.202502271554//db//plugins/mcufinder/images/
2025-04-30 13:59:48,703 [WARN] DbFile:41 - Overriding database path with different value: /home/lcroce/.stmcufinder/plugins/mcufinder/ => /home/lcroce/.stmcufinder/plugins/mcufinder
2025-04-30 13:59:48,703 [INFO] ApiDb:250 - Set database path to: /home/lcroce/.stmcufinder/plugins/mcufinder//mcu/
2025-04-30 13:59:48,703 [WARN] DbFile:41 - Overriding database path with different value: /home/lcroce/.stmcufinder/plugins/mcufinder/ => /home/lcroce/.stmcufinder/plugins/mcufinder
2025-04-30 13:59:48,703 [INFO] DbMcusAds:125 - Set database path to: /home/lcroce/.stmcufinder/plugins/mcufinder//mcu/
2025-04-30 13:59:48,703 [WARN] DbFile:41 - Overriding database path with different value: /home/lcroce/.stmcufinder/plugins/mcufinder/ => /home/lcroce/.stmcufinder/plugins/mcufinder
2025-04-30 13:59:48,703 [WARN] DbFile:41 - Overriding database path with different value: /home/lcroce/.stmcufinder/plugins/mcufinder/ => /home/lcroce/.stmcufinder/plugins/mcufinder
2025-04-30 13:59:48,703 [INFO] CrossReferenceDbSqlite:203 - Set database path to: /home/lcroce/.stmcufinder/plugins/mcufinder//mcu/cs/
2025-04-30 13:59:48,778 [INFO] MainPanel:272 - HeapMemory: 268435456
2025-04-30 13:59:48,905 [INFO] DbMcusXml:78 - Set database path to: /opt/st/stm32cubeide_1.18.0/plugins/com.st.stm32cube.common.mx_6.14.0.202502271554//db//mcu/
2025-04-30 13:59:48,906 [INFO] ApiDb:274 - Set plugin database path to: /opt/st/stm32cubeide_1.18.0/plugins/com.st.stm32cube.common.mx_6.14.0.202502271554//db//plugins/boardmanager/
2025-04-30 13:59:48,906 [INFO] ApiDb:261 - Set plugin images path to: /opt/st/stm32cubeide_1.18.0/plugins/com.st.stm32cube.common.mx_6.14.0.202502271554//db//plugins/mcufinder/images/
2025-04-30 13:59:48,906 [WARN] DbFile:41 - Overriding database path with different value: /home/lcroce/.stmcufinder/plugins/mcufinder/ => /home/lcroce/.stmcufinder/plugins/mcufinder
2025-04-30 13:59:48,906 [INFO] ApiDb:250 - Set database path to: /home/lcroce/.stmcufinder/plugins/mcufinder//mcu/
2025-04-30 13:59:48,907 [WARN] DbFile:41 - Overriding database path with different value: /home/lcroce/.stmcufinder/plugins/mcufinder/ => /home/lcroce/.stmcufinder/plugins/mcufinder
2025-04-30 13:59:48,907 [INFO] DbMcusAds:125 - Set database path to: /home/lcroce/.stmcufinder/plugins/mcufinder//mcu/
2025-04-30 13:59:48,907 [WARN] DbFile:41 - Overriding database path with different value: /home/lcroce/.stmcufinder/plugins/mcufinder/ => /home/lcroce/.stmcufinder/plugins/mcufinder
2025-04-30 13:59:48,907 [WARN] DbFile:41 - Overriding database path with different value: /home/lcroce/.stmcufinder/plugins/mcufinder/ => /home/lcroce/.stmcufinder/plugins/mcufinder
2025-04-30 13:59:48,907 [INFO] CrossReferenceDbSqlite:203 - Set database path to: /home/lcroce/.stmcufinder/plugins/mcufinder//mcu/cs/
2025-04-30 13:59:48,929 [INFO] ApplicationProperties:184 - Using Application install path: /opt/st/stm32cubeide_1.18.0/plugins/com.st.stm32cube.common.mx_6.14.0.202502271554
2025-04-30 13:59:48,931 [INFO] PluginManage:196 - Search for loadable plugins [exclusion list=, ]
2025-04-30 13:59:48,932 [INFO] PluginManage:310 - Check plugin analytics
2025-04-30 13:59:49,144 [INFO] AnalyticsPlugin:253 - Accepted Software Licenses: STM32CubeMX.6.13.0
2025-04-30 13:59:49,144 [INFO] AnalyticsPlugin:255 - Accepted CMSIS Pack Licenses: 
2025-04-30 13:59:49,145 [INFO] AnalyticsPlugin:257 - Accepted Firmware Licenses: FW.F7.1.17.0,FW.L4.1.18.0
2025-04-30 13:59:49,148 [INFO] PluginManage:359 - Loaded plugin analytics (category:tool,tabindex:-1)
2025-04-30 13:59:49,149 [INFO] PluginManage:310 - Check plugin cadmodel
2025-04-30 13:59:49,154 [INFO] CADModel:105 - Init CAD model plugin
2025-04-30 13:59:49,154 [INFO] PluginManage:359 - Loaded plugin cadmodel (category:power,tabindex:5)
2025-04-30 13:59:49,154 [INFO] PluginManage:310 - Check plugin clock
2025-04-30 13:59:49,166 [INFO] PluginManage:359 - Loaded plugin clock (category:base,tabindex:2)
2025-04-30 13:59:49,166 [INFO] PluginManage:310 - Check plugin ddr
2025-04-30 13:59:49,168 [INFO] PluginManage:359 - Loaded plugin ddr (category:tool,tabindex:6)
2025-04-30 13:59:49,169 [INFO] PluginManage:310 - Check plugin filemanager
2025-04-30 13:59:49,337 [INFO] PluginManage:359 - Loaded plugin filemanager (category:base,tabindex:10)
2025-04-30 13:59:49,337 [INFO] PluginManage:310 - Check plugin ipmanager
2025-04-30 13:59:49,344 [INFO] PluginManage:359 - Loaded plugin ipmanager (category:base,tabindex:5)
2025-04-30 13:59:49,344 [INFO] PluginManage:310 - Check plugin lpbam
2025-04-30 13:59:49,375 [INFO] PluginManage:359 - Loaded plugin lpbam (category:base,tabindex:0)
2025-04-30 13:59:49,375 [INFO] PluginManage:310 - Check plugin memorymap
2025-04-30 13:59:49,392 [INFO] PluginManage:359 - Loaded plugin memorymap (category:base,tabindex:4)
2025-04-30 13:59:49,393 [INFO] PluginManage:310 - Check plugin pinoutandconfiguration
2025-04-30 13:59:49,406 [INFO] PluginManage:359 - Loaded plugin pinoutandconfiguration (category:base,tabindex:1)
2025-04-30 13:59:49,406 [INFO] PluginManage:310 - Check plugin pinoutconfig
2025-04-30 13:59:49,615 [WARN] SupportedApi:132 - Cannot load RTOS API schema: s4s-elt-must-match.1: The content of 'definitions' must match (annotation?, (simpleType | complexType)?, (unique | key | keyref)*)). A problem was found starting at: attribute.
2025-04-30 13:59:49,829 [INFO] PluginManage:359 - Loaded plugin pinoutconfig (category:base,tabindex:0)
2025-04-30 13:59:49,829 [INFO] PluginManage:310 - Check plugin power
2025-04-30 13:59:49,840 [INFO] PluginManage:359 - Loaded plugin power (category:power,tabindex:4)
2025-04-30 13:59:49,841 [INFO] PluginManage:310 - Check plugin projectmanager
2025-04-30 13:59:49,867 [INFO] PluginManage:359 - Loaded plugin projectmanager (category:projectmanager,tabindex:4)
2025-04-30 13:59:49,868 [INFO] PluginManage:310 - Check plugin rif
2025-04-30 13:59:49,876 [INFO] PluginManage:359 - Loaded plugin rif (category:base,tabindex:3)
2025-04-30 13:59:49,876 [INFO] PluginManage:310 - Check plugin thirdparty
2025-04-30 13:59:50,047 [INFO] PluginManage:359 - Loaded plugin thirdparty (category:base,tabindex:-1)
2025-04-30 13:59:50,047 [INFO] PluginManage:310 - Check plugin tools
2025-04-30 13:59:50,047 [WARN] IntegrityCheckThread:84 - waiting for thirdparty lock release [integrity check]
2025-04-30 13:59:50,047 [INFO] IntegrityCheckThread:86 - entering critical section [integrity check]
2025-04-30 13:59:50,048 [INFO] ThirdPartyUpdaterWithRetryManager:70 - Updater plugin not ready yet. [1/15]
2025-04-30 13:59:50,050 [INFO] PluginManage:359 - Loaded plugin tools (category:base,tabindex:7)
2025-04-30 13:59:50,050 [INFO] PluginManage:310 - Check plugin tutovideos
2025-04-30 13:59:50,229 [INFO] PluginManage:359 - Loaded plugin tutovideos (category:base,tabindex:-1)
2025-04-30 13:59:50,230 [INFO] PluginManage:310 - Check plugin updater
2025-04-30 13:59:50,261 [INFO] PluginManage:359 - Loaded plugin updater (category:base,tabindex:12)
2025-04-30 13:59:50,261 [INFO] PluginManage:310 - Check plugin userauth
2025-04-30 13:59:50,266 [INFO] UserAuth:118 - Init User Auth plugin
2025-04-30 13:59:50,268 [INFO] PluginManage:359 - Loaded plugin userauth (category:base,tabindex:14)
2025-04-30 13:59:50,269 [INFO] PluginManage:283 - PluginManage : Loaded plugins [18]
2025-04-30 13:59:50,510 [INFO] PinOutPanel:1589 - setPackage(No Configuration,No Configuration)
2025-04-30 13:59:50,571 [INFO] CADModel:165 - CPN selected for project level
2025-04-30 13:59:50,572 [INFO] CADModel:114 - Register for checkConnection events
2025-04-30 13:59:50,582 [INFO] IPUIPlugin:80 - create IPUIPlugin
2025-04-30 13:59:50,583 [INFO] PluginManager:220 - loadIPPluginJar : add ddr_ctrl_phy
2025-04-30 13:59:50,584 [INFO] IPUIPlugin:80 - create IPUIPlugin
2025-04-30 13:59:50,585 [INFO] PluginManager:220 - loadIPPluginJar : add dma3
2025-04-30 13:59:50,587 [INFO] IPUIPlugin:80 - create IPUIPlugin
2025-04-30 13:59:50,587 [INFO] PluginManager:220 - loadIPPluginJar : add gtzc
2025-04-30 13:59:50,592 [INFO] IPUIPlugin:80 - create IPUIPlugin
2025-04-30 13:59:50,592 [INFO] PluginManager:220 - loadIPPluginJar : add dma
2025-04-30 13:59:50,593 [INFO] IPUIPlugin:80 - create IPUIPlugin
2025-04-30 13:59:50,594 [INFO] PluginManager:220 - loadIPPluginJar : add cryp
2025-04-30 13:59:50,597 [INFO] IPUIPlugin:80 - create IPUIPlugin
2025-04-30 13:59:50,597 [INFO] PluginManager:220 - loadIPPluginJar : add resmgrutility
2025-04-30 13:59:50,603 [INFO] IPUIPlugin:80 - create IPUIPlugin
2025-04-30 13:59:50,603 [INFO] PluginManager:220 - loadIPPluginJar : add linkedlist
2025-04-30 13:59:50,605 [INFO] IPUIPlugin:80 - create IPUIPlugin
2025-04-30 13:59:50,605 [INFO] PluginManager:220 - loadIPPluginJar : add usart
2025-04-30 13:59:50,607 [INFO] IPUIPlugin:80 - create IPUIPlugin
2025-04-30 13:59:50,607 [INFO] PluginManager:220 - loadIPPluginJar : add pdm2pcm
2025-04-30 13:59:50,612 [INFO] IPUIPlugin:80 - create IPUIPlugin
2025-04-30 13:59:50,612 [INFO] PluginManager:220 - loadIPPluginJar : add fmc
2025-04-30 13:59:50,616 [INFO] IPUIPlugin:80 - create IPUIPlugin
2025-04-30 13:59:50,617 [INFO] PluginManager:220 - loadIPPluginJar : add gic
2025-04-30 13:59:50,622 [INFO] IPUIPlugin:80 - create IPUIPlugin
2025-04-30 13:59:50,622 [INFO] PluginManager:220 - loadIPPluginJar : add mdma
2025-04-30 13:59:50,623 [INFO] IPUIPlugin:80 - create IPUIPlugin
2025-04-30 13:59:50,623 [INFO] PluginManager:220 - loadIPPluginJar : add ucpd
2025-04-30 13:59:50,626 [INFO] IPUIPlugin:80 - create IPUIPlugin
2025-04-30 13:59:50,626 [INFO] PluginManager:220 - loadIPPluginJar : add gpio
2025-04-30 13:59:50,628 [INFO] IPUIPlugin:80 - create IPUIPlugin
2025-04-30 13:59:50,628 [INFO] PluginManager:220 - loadIPPluginJar : add aes
2025-04-30 13:59:50,630 [INFO] IPUIPlugin:80 - create IPUIPlugin
2025-04-30 13:59:50,630 [INFO] PluginManager:220 - loadIPPluginJar : add opamp
2025-04-30 13:59:50,632 [INFO] IPUIPlugin:80 - create IPUIPlugin
2025-04-30 13:59:50,632 [INFO] PluginManager:220 - loadIPPluginJar : add can
2025-04-30 13:59:50,633 [INFO] IPUIPlugin:80 - create IPUIPlugin
2025-04-30 13:59:50,633 [INFO] PluginManager:220 - loadIPPluginJar : add fatfs
2025-04-30 13:59:50,635 [INFO] IPUIPlugin:80 - create IPUIPlugin
2025-04-30 13:59:50,635 [INFO] PluginManager:220 - loadIPPluginJar : add i3c
2025-04-30 13:59:50,636 [INFO] IPUIPlugin:80 - create IPUIPlugin
2025-04-30 13:59:50,636 [INFO] PluginManager:220 - loadIPPluginJar : add ts
2025-04-30 13:59:50,637 [INFO] IPUIPlugin:80 - create IPUIPlugin
2025-04-30 13:59:50,638 [INFO] PluginManager:220 - loadIPPluginJar : add comp
2025-04-30 13:59:50,642 [INFO] IPUIPlugin:80 - create IPUIPlugin
2025-04-30 13:59:50,644 [INFO] PluginManager:220 - loadIPPluginJar : add plateformsettings
2025-04-30 13:59:50,646 [INFO] IPUIPlugin:80 - create IPUIPlugin
2025-04-30 13:59:50,646 [INFO] PluginManager:220 - loadIPPluginJar : add dfsdm
2025-04-30 13:59:50,648 [INFO] IPUIPlugin:80 - create IPUIPlugin
2025-04-30 13:59:50,649 [INFO] PluginManager:220 - loadIPPluginJar : add nvic
2025-04-30 13:59:50,650 [INFO] IPUIPlugin:80 - create IPUIPlugin
2025-04-30 13:59:50,651 [INFO] PluginManager:220 - loadIPPluginJar : add i2c
2025-04-30 13:59:50,653 [INFO] IPUIPlugin:80 - create IPUIPlugin
2025-04-30 13:59:50,653 [INFO] PluginManager:220 - loadIPPluginJar : add extmemmanager
2025-04-30 13:59:50,654 [INFO] IPUIPlugin:80 - create IPUIPlugin
2025-04-30 13:59:50,654 [INFO] PluginManager:220 - loadIPPluginJar : add tracer_emb
2025-04-30 13:59:50,655 [INFO] IPUIPlugin:80 - create IPUIPlugin
2025-04-30 13:59:50,655 [INFO] PluginManager:220 - loadIPPluginJar : add ltdc
2025-04-30 13:59:50,657 [INFO] IPUIPlugin:80 - create IPUIPlugin
2025-04-30 13:59:50,657 [INFO] PluginManager:220 - loadIPPluginJar : add hash
2025-04-30 13:59:50,658 [INFO] IPUIPlugin:80 - create IPUIPlugin
2025-04-30 13:59:50,658 [INFO] PluginManager:220 - loadIPPluginJar : add lorawan
2025-04-30 13:59:50,659 [INFO] IPUIPlugin:80 - create IPUIPlugin
2025-04-30 13:59:50,660 [INFO] PluginManager:220 - loadIPPluginJar : add radio
2025-04-30 13:59:50,662 [INFO] IPUIPlugin:80 - create IPUIPlugin
2025-04-30 13:59:50,662 [INFO] PluginManager:220 - loadIPPluginJar : add usbx
2025-04-30 13:59:50,664 [INFO] IPUIPlugin:80 - create IPUIPlugin
2025-04-30 13:59:50,664 [INFO] PluginManager:220 - loadIPPluginJar : add openamp
2025-04-30 13:59:50,668 [INFO] IPUIPlugin:80 - create IPUIPlugin
2025-04-30 13:59:50,668 [INFO] PluginManager:220 - loadIPPluginJar : add stm32_wpan
2025-04-30 13:59:50,670 [INFO] IPUIPlugin:80 - create IPUIPlugin
2025-04-30 13:59:50,670 [INFO] PluginManager:220 - loadIPPluginJar : add gfxmmu
2025-04-30 13:59:50,672 [INFO] IPUIPlugin:80 - create IPUIPlugin
2025-04-30 13:59:50,672 [INFO] PluginManager:220 - loadIPPluginJar : add ipddr
2025-04-30 13:59:50,673 [INFO] IPUIPlugin:80 - create IPUIPlugin
2025-04-30 13:59:50,673 [INFO] PluginManager:220 - loadIPPluginJar : add i2s
2025-04-30 13:59:50,674 [INFO] IPUIPlugin:80 - create IPUIPlugin
2025-04-30 13:59:50,674 [INFO] PluginManager:220 - loadIPPluginJar : add tim
2025-04-30 13:59:50,678 [INFO] IPUIPlugin:80 - create IPUIPlugin
2025-04-30 13:59:50,678 [INFO] PluginManager:220 - loadIPPluginJar : add adc
2025-04-30 13:59:50,680 [INFO] IPUIPlugin:80 - create IPUIPlugin
2025-04-30 13:59:50,680 [INFO] PluginManager:220 - loadIPPluginJar : add sai
2025-04-30 13:59:50,682 [INFO] IPUIPlugin:80 - create IPUIPlugin
2025-04-30 13:59:50,682 [INFO] PluginManager:220 - loadIPPluginJar : add touchsensing
2025-04-30 13:59:50,683 [INFO] IPUIPlugin:80 - create IPUIPlugin
2025-04-30 13:59:50,683 [INFO] PluginManager:220 - loadIPPluginJar : add quadspi
2025-04-30 13:59:50,684 [INFO] IPUIPlugin:80 - create IPUIPlugin
2025-04-30 13:59:50,684 [INFO] PluginManager:220 - loadIPPluginJar : add spi
2025-04-30 13:59:50,685 [INFO] IPUIPlugin:80 - create IPUIPlugin
2025-04-30 13:59:50,685 [INFO] PluginManager:220 - loadIPPluginJar : add tsc
2025-04-30 13:59:50,686 [INFO] IPUIPlugin:80 - create IPUIPlugin
2025-04-30 13:59:50,686 [INFO] PluginManager:220 - loadIPPluginJar : add genericplugin
2025-04-30 13:59:50,689 [INFO] IPUIPlugin:80 - create IPUIPlugin
2025-04-30 13:59:50,689 [INFO] PluginManager:220 - loadIPPluginJar : add freertos
2025-04-30 13:59:50,789 [FATAL] Updater:351 - Updater called before beeing initialized
2025-04-30 13:59:50,809 [INFO] RulesReader:64 - Compatibility file has been processed (301 Rules)
2025-04-30 13:59:50,820 [INFO] RulesReader:64 - Compatibility file has been processed (301 Rules)
2025-04-30 13:59:50,827 [INFO] CADModel:165 - CPN selected for project level
2025-04-30 13:59:50,827 [INFO] CADModel:114 - Register for checkConnection events
2025-04-30 13:59:50,827 [FATAL] Updater:351 - Updater called before beeing initialized
2025-04-30 13:59:50,828 [ERROR] CADModel:125 - Updater not yet initialized, retry later 
2025-04-30 13:59:50,953 [FATAL] Updater:351 - Updater called before beeing initialized
2025-04-30 13:59:50,955 [INFO] CADModel:165 - CPN selected for project level
2025-04-30 13:59:50,955 [INFO] CADModel:114 - Register for checkConnection events
2025-04-30 13:59:50,955 [FATAL] Updater:351 - Updater called before beeing initialized
2025-04-30 13:59:50,955 [ERROR] CADModel:125 - Updater not yet initialized, retry later 
2025-04-30 13:59:50,958 [FATAL] Updater:351 - Updater called before beeing initialized
2025-04-30 13:59:51,061 [FATAL] Updater:351 - Updater called before beeing initialized
2025-04-30 13:59:51,066 [INFO] DbMcusAds:53 - JSON generation date=Thu Mar 06 15:54:22 CET 2025 (1741272862204)
2025-04-30 13:59:51,066 [FATAL] Updater:351 - Updater called before beeing initialized
2025-04-30 13:59:51,111 [WARN] DetailPanel:346 - Failed to get advertising image, set to default
2025-04-30 13:59:51,407 [FATAL] Updater:351 - Updater called before beeing initialized
2025-04-30 13:59:51,408 [FATAL] Updater:351 - Updater called before beeing initialized
2025-04-30 13:59:51,408 [FATAL] Updater:351 - Updater called before beeing initialized
2025-04-30 13:59:51,408 [WARN] DetailPanel:346 - Failed to get advertising image, set to default
2025-04-30 13:59:51,409 [FATAL] Updater:351 - Updater called before beeing initialized
2025-04-30 13:59:51,440 [ERROR] Updater:1198 - MainUpdater not yet initialized. External WinMGr cannot be set.
2025-04-30 13:59:51,441 [INFO] Updater:1134 - Updater Version found : 6.14.0
2025-04-30 13:59:51,456 [INFO] ApplicationProperties:184 - Using Application install path: /opt/st/stm32cubeide_1.18.0/plugins/com.st.stm32cube.common.mx_6.14.0.202502271554
2025-04-30 13:59:51,467 [ERROR] LogOutputStream:75 - [STDERR_REDIRECT] Apr 30, 2025 1:59:51 PM java.util.prefs.FileSystemPreferences$2 run
2025-04-30 13:59:51,468 [ERROR] LogOutputStream:75 - [STDERR_REDIRECT] WARNING: Could not create system preferences directory. System preferences are unusable.
2025-04-30 13:59:51,468 [ERROR] LogOutputStream:75 - [STDERR_REDIRECT] 
2025-04-30 13:59:51,741 [INFO] MainUpdater:2872 - connection check result : 10
2025-04-30 13:59:51,742 [INFO] MainUpdater:289 - Updater Check For Update Now.
2025-04-30 13:59:51,742 [INFO] MicroXplorer:498 - Change Database Version : DB.6.0.140
2025-04-30 13:59:51,747 [INFO] McuFinderGlobals:63 - Set McuFinder mode to 2 (CubeIDE integrated)
2025-04-30 13:59:51,748 [INFO] UserAuth:486 - Internet connection configuration mode: 1
2025-04-30 13:59:51,762 [INFO] JxBrowserEngine:152 - Initiate JxBrowser Engine with user profile folder
2025-04-30 13:59:51,980 [INFO] CheckServerUpdateThread:120 - End of CheckServer Thread
2025-04-30 13:59:52,646 [INFO] WebApp:169 - Instantiating new browser for Auth
2025-04-30 13:59:53,201 [WARN] PackLoader:240 - Cannot read IP mode file for STMicroelectronics.FP-SNS-MOTENVWB1.1.4.0
2025-04-30 13:59:53,215 [WARN] PackLoader:240 - Cannot read IP mode file for STMicroelectronics.FP-ATR-ASTRA1.2.0.2
2025-04-30 13:59:53,227 [WARN] PackLoader:240 - Cannot read IP mode file for STMicroelectronics.X-CUBE-SMBUS.2.1.0
2025-04-30 13:59:53,247 [WARN] PackLoader:240 - Cannot read IP mode file for STMicroelectronics.X-CUBE-WB05N.1.1.0
2025-04-30 13:59:53,305 [WARN] PackLoader:240 - Cannot read IP mode file for STMicroelectronics.X-CUBE-AZRTOS-F7.1.1.0
2025-04-30 13:59:53,320 [WARN] PackLoader:240 - Cannot read IP mode file for STMicroelectronics.FP-SNS-FLIGHT1.5.0.2
2025-04-30 13:59:53,376 [WARN] PackLoader:240 - Cannot read IP mode file for Infineon.AIROC-Wi-Fi-Bluetooth-STM32.1.7.0
2025-04-30 13:59:53,413 [WARN] PackLoader:240 - Cannot read IP mode file for STMicroelectronics.X-CUBE-DISPLAY.3.0.0
2025-04-30 13:59:53,432 [WARN] PackLoader:240 - Cannot read IP mode file for STMicroelectronics.X-CUBE-NFC10.1.0.0
2025-04-30 13:59:53,455 [WARN] PackLoader:240 - Cannot read IP mode file for STMicroelectronics.X-CUBE-BLEMGR.4.0.0
2025-04-30 13:59:53,472 [WARN] PackLoader:240 - Cannot read IP mode file for emotas.I-CUBE-CANOPEN.1.3.0
2025-04-30 13:59:53,479 [WARN] ConditionMgr:438 - getConditionDescription Invalid condition id : Cortex-A Device cause : null
2025-04-30 13:59:53,498 [WARN] ConditionMgr:1044 - genDependencies : Invalid condition id : Cortex-A Device cause : null
2025-04-30 13:59:53,498 [WARN] ConditionMgr:1044 - genDependencies : Invalid condition id : Cortex-A Device cause : null
2025-04-30 13:59:53,498 [WARN] ConditionMgr:1044 - genDependencies : Invalid condition id : Cortex-A Device cause : null
2025-04-30 13:59:53,503 [WARN] PackLoader:240 - Cannot read IP mode file for STMicroelectronics.X-CUBE-AI.10.0.0
2025-04-30 13:59:53,511 [WARN] PackLoader:240 - Cannot read IP mode file for STMicroelectronics.FP-SNS-SMARTAG2.1.2.0
2025-04-30 13:59:53,517 [WARN] PackLoader:240 - Cannot read IP mode file for STMicroelectronics.FP-SNS-FLIGHT1.5.1.0
2025-04-30 13:59:53,576 [INFO] WebApp:463 - Apply proxy settings
2025-04-30 13:59:53,577 [INFO] WebApp:548 - Chromium requires no authentication
2025-04-30 13:59:53,589 [INFO] WebApp:491 - Direct internet connection detected
2025-04-30 13:59:53,614 [WARN] PackLoader:240 - Cannot read IP mode file for STMicroelectronics.X-CUBE-MEMS1.11.1.0
2025-04-30 13:59:53,621 [INFO] WebApp:894 - Register for checkConnection events
2025-04-30 13:59:53,621 [INFO] WebApp:463 - Apply proxy settings
2025-04-30 13:59:53,622 [INFO] WebApp:548 - Chromium requires no authentication
2025-04-30 13:59:53,623 [INFO] WebApp:491 - Direct internet connection detected
2025-04-30 13:59:53,779 [INFO] WebApp:191 - Connection restablished
2025-04-30 13:59:53,897 [INFO] WebApp:225 - Starting web application
2025-04-30 13:59:53,897 [INFO] LogOutputStream:77 - [STDOUT_REDIRECT] 1 : Invalid condition id : UX_CORESTACK_Condition cause : null
2025-04-30 13:59:53,897 [INFO] WebApp:593 - Web application path used /opt/st/stm32cubeide_1.18.0/plugins/com.st.stm32cube.common.mx_6.14.0.202502271554/db/plugins/mcufinder/reactClient1/index.html
2025-04-30 13:59:53,898 [INFO] LogOutputStream:77 - [STDOUT_REDIRECT] 1 : Invalid condition id : UX_CORESTACK_Condition cause : null
2025-04-30 13:59:53,899 [INFO] LogOutputStream:77 - [STDOUT_REDIRECT] 1 : Invalid condition id : UX_CORESTACK_Condition cause : null
2025-04-30 13:59:53,899 [INFO] LogOutputStream:77 - [STDOUT_REDIRECT] 1 : Invalid condition id : UX_CORESTACK_Condition cause : null
2025-04-30 13:59:53,900 [INFO] LogOutputStream:77 - [STDOUT_REDIRECT] 1 : Invalid condition id : UX_CORESTACK_Condition cause : null
2025-04-30 13:59:53,905 [WARN] PackLoader:240 - Cannot read IP mode file for STMicroelectronics.X-CUBE-AZRTOS-WL.2.0.0
2025-04-30 13:59:53,913 [WARN] PackLoader:240 - Cannot read IP mode file for STMicroelectronics.FP-SNS-MOTENV1.5.0.0
2025-04-30 13:59:53,924 [WARN] PackLoader:240 - Cannot read IP mode file for WES.I-CUBE-Cesium.1.3.0
2025-04-30 13:59:53,931 [WARN] PackLoader:240 - Cannot read IP mode file for STMicroelectronics.X-CUBE-BLE2.3.3.0
2025-04-30 13:59:53,941 [WARN] PackLoader:240 - Cannot read IP mode file for STMicroelectronics.X-CUBE-NFC9.1.0.0
2025-04-30 13:59:53,951 [WARN] PackLoader:240 - Cannot read IP mode file for STMicroelectronics.X-CUBE-BLE1.7.1.0
2025-04-30 13:59:53,979 [WARN] PackLoader:240 - Cannot read IP mode file for wolfSSL.I-CUBE-wolfMQTT.1.19.2
2025-04-30 13:59:54,118 [WARN] PackLoader:240 - Cannot read IP mode file for STMicroelectronics.X-CUBE-MEMS1.11.2.0
2025-04-30 13:59:54,218 [INFO] UserAuth:486 - Internet connection configuration mode: 1
2025-04-30 13:59:54,380 [WARN] PackLoader:240 - Cannot read IP mode file for STMicroelectronics.X-CUBE-AZRTOS-G0.1.1.0
2025-04-30 13:59:54,393 [WARN] PackLoader:240 - Cannot read IP mode file for STMicroelectronics.X-CUBE-SAFEA1.1.2.2
2025-04-30 13:59:54,402 [WARN] PackLoader:240 - Cannot read IP mode file for STMicroelectronics.X-CUBE-NFC4.3.0.0
2025-04-30 13:59:54,426 [WARN] PackLoader:240 - Cannot read IP mode file for EmbeddedOffice.I-CUBE-FS-RTOS.1.0.1
2025-04-30 13:59:54,451 [WARN] PackLoader:240 - Cannot read IP mode file for STMicroelectronics.X-CUBE-WB05N.2.0.0
2025-04-30 13:59:54,458 [WARN] PackLoader:240 - Cannot read IP mode file for wolfSSL.I-CUBE-wolfTPM.3.8.0
2025-04-30 13:59:54,468 [WARN] PackLoader:240 - Cannot read IP mode file for STMicroelectronics.X-CUBE-TCPP.4.2.0
2025-04-30 13:59:54,476 [WARN] PackLoader:240 - Cannot read IP mode file for RealThread.X-CUBE-RT-Thread_Nano.4.1.1
2025-04-30 13:59:54,482 [WARN] PackLoader:240 - Cannot read IP mode file for STMicroelectronics.FP-ATR-SIGFOX1.3.2.0
2025-04-30 13:59:54,492 [WARN] PackLoader:240 - Cannot read IP mode file for STMicroelectronics.X-CUBE-EEPRMA1.5.1.0
2025-04-30 13:59:54,500 [WARN] PackLoader:240 - Cannot read IP mode file for wolfSSL.I-CUBE-wolfSSL.5.7.6
2025-04-30 13:59:54,510 [WARN] PackLoader:240 - Cannot read IP mode file for ITTIA_DB.I-CUBE-ITTIADB.8.9.0
2025-04-30 13:59:54,553 [WARN] PackLoader:240 - Cannot read IP mode file for SEGGER.I-CUBE-embOS.1.3.1
2025-04-30 13:59:54,618 [WARN] PackLoader:240 - Cannot read IP mode file for STMicroelectronics.X-CUBE-ALGOBUILD.1.4.0
2025-04-30 13:59:54,645 [WARN] PackLoader:240 - Cannot read IP mode file for STMicroelectronics.X-CUBE-AZRTOS-F4.1.1.0
2025-04-30 13:59:54,652 [WARN] PackLoader:240 - Cannot read IP mode file for Avnet-IotConnect.X-CUBE-IoTC-DA16k-PMOD.1.0.0
2025-04-30 13:59:54,656 [WARN] PackLoader:240 - Cannot read IP mode file for STMicroelectronics.X-CUBE-ISPU.2.1.0
2025-04-30 13:59:54,681 [WARN] PackLoader:240 - Cannot read IP mode file for STMicroelectronics.X-CUBE-AZRTOS-L5.2.0.0
2025-04-30 13:59:54,694 [WARN] PackLoader:240 - Cannot read IP mode file for STMicroelectronics.X-CUBE-NFC6.3.1.0
2025-04-30 13:59:54,704 [WARN] PackLoader:240 - Cannot read IP mode file for STMicroelectronics.X-CUBE-DPower.1.2.0
2025-04-30 13:59:54,711 [WARN] PackLoader:240 - Cannot read IP mode file for STMicroelectronics.X-CUBE-FREERTOS.1.3.0
2025-04-30 13:59:54,717 [WARN] PackLoader:240 - Cannot read IP mode file for STMicroelectronics.X-CUBE-NFC7.1.0.1
2025-04-30 13:59:54,724 [WARN] PackLoader:240 - Cannot read IP mode file for STMicroelectronics.X-CUBE-DPower.1.3.0
2025-04-30 13:59:54,745 [WARN] ConditionMgr:438 - getConditionDescription Invalid condition id : LAN8742 Phy interface Condition cause : null
2025-04-30 13:59:54,746 [WARN] PackLoader:240 - Cannot read IP mode file for STMicroelectronics.X-CUBE-AZRTOS-L4.2.0.0
2025-04-30 13:59:54,748 [WARN] ConditionMgr:1044 - genDependencies : Invalid condition id : LAN8742 Phy interface Condition cause : null
2025-04-30 13:59:54,749 [WARN] ConditionMgr:1044 - genDependencies : Invalid condition id : LAN8742 Phy interface Condition cause : null
2025-04-30 13:59:54,750 [WARN] ConditionMgr:1044 - genDependencies : Invalid condition id : LAN8742 Phy interface Condition cause : null
2025-04-30 13:59:54,760 [WARN] PackLoader:240 - Cannot read IP mode file for STMicroelectronics.X-CUBE-SFXS2LP1.4.0.0
2025-04-30 13:59:54,789 [WARN] PackLoader:240 - Cannot read IP mode file for STMicroelectronics.X-CUBE-AZRTOS-H7.3.3.0
2025-04-30 13:59:54,809 [WARN] ConditionMgr:438 - getConditionDescription Invalid condition id : UX DEVICE CLASS RTOS Condition cause : null
2025-04-30 13:59:54,809 [WARN] ConditionMgr:438 - getConditionDescription Invalid condition id : UX DEVICE CLASS RTOS Condition cause : null
2025-04-30 13:59:54,822 [WARN] PackLoader:240 - Cannot read IP mode file for STMicroelectronics.X-CUBE-AZRTOS-WB.2.0.0
2025-04-30 13:59:54,823 [WARN] ConditionMgr:1044 - genDependencies : Invalid condition id : UX DEVICE CLASS RTOS Condition cause : null
2025-04-30 13:59:54,823 [WARN] ConditionMgr:1044 - genDependencies : Invalid condition id : UX DEVICE CLASS RTOS Condition cause : null
2025-04-30 13:59:54,824 [WARN] ConditionMgr:1044 - genDependencies : Invalid condition id : UX DEVICE CLASS RTOS Condition cause : null
2025-04-30 13:59:54,825 [WARN] ConditionMgr:1044 - genDependencies : Invalid condition id : UX DEVICE CLASS RTOS Condition cause : null
2025-04-30 13:59:54,825 [WARN] ConditionMgr:1044 - genDependencies : Invalid condition id : UX DEVICE CLASS RTOS Condition cause : null
2025-04-30 13:59:54,832 [WARN] PackLoader:240 - Cannot read IP mode file for STMicroelectronics.X-CUBE-GNSS1.7.0.1
2025-04-30 13:59:54,838 [WARN] PackLoader:240 - Cannot read IP mode file for STMicroelectronics.X-CUBE-TOUCHGFX.4.25.0
2025-04-30 13:59:54,845 [WARN] PackLoader:240 - Cannot read IP mode file for STMicroelectronics.FP-SNS-STBOX1.2.0.0
2025-04-30 13:59:54,860 [WARN] PackLoader:240 - Cannot read IP mode file for STMicroelectronics.X-CUBE-SUBG2.5.0.0
2025-04-30 13:59:54,882 [WARN] PackLoader:240 - Cannot read IP mode file for STMicroelectronics.X-CUBE-AZRTOS-H7RS.1.1.0
2025-04-30 13:59:54,887 [WARN] PackLoader:240 - Cannot read IP mode file for Cesanta.I-CUBE-Mongoose.7.13.0
2025-04-30 13:59:54,898 [WARN] PackLoader:240 - Cannot read IP mode file for STMicroelectronics.X-CUBE-AZRTOS-G4.2.0.0
2025-04-30 13:59:54,903 [WARN] PackLoader:240 - Cannot read IP mode file for wolfSSL.I-CUBE-wolfSSH.1.4.20
2025-04-30 13:59:54,914 [WARN] PackLoader:240 - Cannot read IP mode file for STMicroelectronics.X-CUBE-IPS.3.1.0
2025-04-30 13:59:54,923 [WARN] PackLoader:240 - Cannot read IP mode file for STMicroelectronics.X-CUBE-ALS.1.0.2
2025-04-30 13:59:54,927 [WARN] PackLoader:240 - Cannot read IP mode file for portGmbH.I-Cube-SoM-uGOAL.1.1.0
2025-04-30 13:59:54,941 [WARN] PackLoader:240 - Cannot read IP mode file for STMicroelectronics.X-CUBE-AZRTOS-H7RS.1.0.0
2025-04-30 13:59:54,951 [WARN] PackLoader:240 - Cannot read IP mode file for STMicroelectronics.X-CUBE-TOF1.3.4.2
2025-04-30 13:59:54,969 [WARN] PackLoader:240 - Cannot read IP mode file for STMicroelectronics.X-CUBE-TOF1.3.4.3
2025-04-30 13:59:54,980 [INFO] ThirdParty:978 - Integrity check success = true
2025-04-30 13:59:54,980 [INFO] IntegrityCheckThread:100 - exiting critical section [integrity check]
2025-04-30 13:59:54,981 [INFO] IntegrityCheckThread:103 - End integrity checks thread
2025-04-30 14:00:15,628 [ERROR] LogOutputStream:75 - [STDERR_REDIRECT] Apr 30, 2025 2:00:15 PM java.util.prefs.FileSystemPreferences checkLockFile0ErrorCode
2025-04-30 14:00:15,628 [ERROR] LogOutputStream:75 - [STDERR_REDIRECT] WARNING: Could not lock System prefs. Unix error code 2.
2025-04-30 14:00:15,628 [ERROR] LogOutputStream:75 - [STDERR_REDIRECT] 
2025-04-30 14:00:15,629 [ERROR] LogOutputStream:75 - [STDERR_REDIRECT] Apr 30, 2025 2:00:15 PM java.util.prefs.FileSystemPreferences syncWorld
2025-04-30 14:00:15,629 [ERROR] LogOutputStream:75 - [STDERR_REDIRECT] WARNING: Couldn't flush system prefs: java.util.prefs.BackingStoreException: Couldn't get file lock.
2025-04-30 14:00:15,629 [ERROR] LogOutputStream:75 - [STDERR_REDIRECT] 
2025-04-30 14:00:45,618 [ERROR] LogOutputStream:75 - [STDERR_REDIRECT] Apr 30, 2025 2:00:45 PM java.util.prefs.FileSystemPreferences checkLockFile0ErrorCode
2025-04-30 14:00:45,619 [ERROR] LogOutputStream:75 - [STDERR_REDIRECT] WARNING: Could not lock System prefs. Unix error code 2.
2025-04-30 14:00:45,619 [ERROR] LogOutputStream:75 - [STDERR_REDIRECT] 
2025-04-30 14:00:45,619 [ERROR] LogOutputStream:75 - [STDERR_REDIRECT] Apr 30, 2025 2:00:45 PM java.util.prefs.FileSystemPreferences syncWorld
2025-04-30 14:00:45,620 [ERROR] LogOutputStream:75 - [STDERR_REDIRECT] WARNING: Couldn't flush system prefs: java.util.prefs.BackingStoreException: Couldn't get file lock.
2025-04-30 14:00:45,620 [ERROR] LogOutputStream:75 - [STDERR_REDIRECT] 
2025-04-30 14:01:15,616 [ERROR] LogOutputStream:75 - [STDERR_REDIRECT] Apr 30, 2025 2:01:15 PM java.util.prefs.FileSystemPreferences checkLockFile0ErrorCode
2025-04-30 14:01:15,617 [ERROR] LogOutputStream:75 - [STDERR_REDIRECT] WARNING: Could not lock System prefs. Unix error code 2.
2025-04-30 14:01:15,617 [ERROR] LogOutputStream:75 - [STDERR_REDIRECT] 
2025-04-30 14:01:15,617 [ERROR] LogOutputStream:75 - [STDERR_REDIRECT] Apr 30, 2025 2:01:15 PM java.util.prefs.FileSystemPreferences syncWorld
2025-04-30 14:01:15,617 [ERROR] LogOutputStream:75 - [STDERR_REDIRECT] WARNING: Couldn't flush system prefs: java.util.prefs.BackingStoreException: Couldn't get file lock.
2025-04-30 14:01:15,617 [ERROR] LogOutputStream:75 - [STDERR_REDIRECT] 
2025-04-30 14:01:45,617 [ERROR] LogOutputStream:75 - [STDERR_REDIRECT] Apr 30, 2025 2:01:45 PM java.util.prefs.FileSystemPreferences checkLockFile0ErrorCode
2025-04-30 14:01:45,617 [ERROR] LogOutputStream:75 - [STDERR_REDIRECT] WARNING: Could not lock System prefs. Unix error code 2.
2025-04-30 14:01:45,617 [ERROR] LogOutputStream:75 - [STDERR_REDIRECT] 
2025-04-30 14:01:45,618 [ERROR] LogOutputStream:75 - [STDERR_REDIRECT] Apr 30, 2025 2:01:45 PM java.util.prefs.FileSystemPreferences syncWorld
2025-04-30 14:01:45,618 [ERROR] LogOutputStream:75 - [STDERR_REDIRECT] WARNING: Couldn't flush system prefs: java.util.prefs.BackingStoreException: Couldn't get file lock.
2025-04-30 14:01:45,618 [ERROR] LogOutputStream:75 - [STDERR_REDIRECT] 
2025-04-30 14:02:15,617 [ERROR] LogOutputStream:75 - [STDERR_REDIRECT] Apr 30, 2025 2:02:15 PM java.util.prefs.FileSystemPreferences checkLockFile0ErrorCode
2025-04-30 14:02:15,617 [ERROR] LogOutputStream:75 - [STDERR_REDIRECT] WARNING: Could not lock System prefs. Unix error code 2.
2025-04-30 14:02:15,617 [ERROR] LogOutputStream:75 - [STDERR_REDIRECT] 
2025-04-30 14:02:15,618 [ERROR] LogOutputStream:75 - [STDERR_REDIRECT] Apr 30, 2025 2:02:15 PM java.util.prefs.FileSystemPreferences syncWorld
2025-04-30 14:02:15,618 [ERROR] LogOutputStream:75 - [STDERR_REDIRECT] WARNING: Couldn't flush system prefs: java.util.prefs.BackingStoreException: Couldn't get file lock.
2025-04-30 14:02:15,618 [ERROR] LogOutputStream:75 - [STDERR_REDIRECT] 
2025-04-30 14:02:45,617 [ERROR] LogOutputStream:75 - [STDERR_REDIRECT] Apr 30, 2025 2:02:45 PM java.util.prefs.FileSystemPreferences checkLockFile0ErrorCode
2025-04-30 14:02:45,617 [ERROR] LogOutputStream:75 - [STDERR_REDIRECT] WARNING: Could not lock System prefs. Unix error code 2.
2025-04-30 14:02:45,617 [ERROR] LogOutputStream:75 - [STDERR_REDIRECT] 
2025-04-30 14:02:45,618 [ERROR] LogOutputStream:75 - [STDERR_REDIRECT] Apr 30, 2025 2:02:45 PM java.util.prefs.FileSystemPreferences syncWorld
2025-04-30 14:02:45,618 [ERROR] LogOutputStream:75 - [STDERR_REDIRECT] WARNING: Couldn't flush system prefs: java.util.prefs.BackingStoreException: Couldn't get file lock.
2025-04-30 14:02:45,618 [ERROR] LogOutputStream:75 - [STDERR_REDIRECT] 
2025-04-30 14:03:15,617 [ERROR] LogOutputStream:75 - [STDERR_REDIRECT] Apr 30, 2025 2:03:15 PM java.util.prefs.FileSystemPreferences checkLockFile0ErrorCode
2025-04-30 14:03:15,617 [ERROR] LogOutputStream:75 - [STDERR_REDIRECT] WARNING: Could not lock System prefs. Unix error code 2.
2025-04-30 14:03:15,617 [ERROR] LogOutputStream:75 - [STDERR_REDIRECT] 
2025-04-30 14:03:15,618 [ERROR] LogOutputStream:75 - [STDERR_REDIRECT] Apr 30, 2025 2:03:15 PM java.util.prefs.FileSystemPreferences syncWorld
2025-04-30 14:03:15,618 [ERROR] LogOutputStream:75 - [STDERR_REDIRECT] WARNING: Couldn't flush system prefs: java.util.prefs.BackingStoreException: Couldn't get file lock.
2025-04-30 14:03:15,618 [ERROR] LogOutputStream:75 - [STDERR_REDIRECT] 
2025-04-30 14:03:45,617 [ERROR] LogOutputStream:75 - [STDERR_REDIRECT] Apr 30, 2025 2:03:45 PM java.util.prefs.FileSystemPreferences checkLockFile0ErrorCode
2025-04-30 14:03:45,617 [ERROR] LogOutputStream:75 - [STDERR_REDIRECT] WARNING: Could not lock System prefs. Unix error code 2.
2025-04-30 14:03:45,617 [ERROR] LogOutputStream:75 - [STDERR_REDIRECT] 
2025-04-30 14:03:45,617 [ERROR] LogOutputStream:75 - [STDERR_REDIRECT] Apr 30, 2025 2:03:45 PM java.util.prefs.FileSystemPreferences syncWorld
2025-04-30 14:03:45,617 [ERROR] LogOutputStream:75 - [STDERR_REDIRECT] WARNING: Couldn't flush system prefs: java.util.prefs.BackingStoreException: Couldn't get file lock.
2025-04-30 14:03:45,617 [ERROR] LogOutputStream:75 - [STDERR_REDIRECT] 
2025-04-30 14:04:10,880 [ERROR] ConfigurationRetriever:142 - IOException on connection: Read timed out
2025-04-30 14:04:15,621 [ERROR] LogOutputStream:75 - [STDERR_REDIRECT] Apr 30, 2025 2:04:15 PM java.util.prefs.FileSystemPreferences checkLockFile0ErrorCode
2025-04-30 14:04:15,622 [ERROR] LogOutputStream:75 - [STDERR_REDIRECT] WARNING: Could not lock System prefs. Unix error code 2.
2025-04-30 14:04:15,622 [ERROR] LogOutputStream:75 - [STDERR_REDIRECT] 
2025-04-30 14:04:15,622 [ERROR] LogOutputStream:75 - [STDERR_REDIRECT] Apr 30, 2025 2:04:15 PM java.util.prefs.FileSystemPreferences syncWorld
2025-04-30 14:04:15,623 [ERROR] LogOutputStream:75 - [STDERR_REDIRECT] WARNING: Couldn't flush system prefs: java.util.prefs.BackingStoreException: Couldn't get file lock.
2025-04-30 14:04:15,623 [ERROR] LogOutputStream:75 - [STDERR_REDIRECT] 
2025-04-30 14:04:39,073 [ERROR] LogOutputStream:75 - [STDERR_REDIRECT] 
2025-04-30 14:04:39,075 [ERROR] LogOutputStream:75 - [STDERR_REDIRECT] 
