2025-04-28 08:15:28,397 [INFO] Activator:176 - 


2025-04-28 08:15:28,400 [INFO] Activator:177 - !SESSION log4j initialized
2025-04-28 08:15:31,388 [INFO] LogOutputStream:77 - [STDOUT_REDIRECT] 
2025-04-28 08:15:31,824 [INFO] ApplicationProperties:184 - Using Application install path: /opt/st/stm32cubeide_1.18.0/plugins/com.st.stm32cube.common.mx_6.14.0.202502271554
2025-04-28 08:15:31,842 [INFO] DbMcusXml:78 - Set database path to: /opt/st/stm32cubeide_1.18.0/plugins/com.st.stm32cube.common.mx_6.14.0.202502271554//db//mcu/
2025-04-28 08:15:31,842 [INFO] ApiDb:274 - Set plugin database path to: /opt/st/stm32cubeide_1.18.0/plugins/com.st.stm32cube.common.mx_6.14.0.202502271554//db//plugins/boardmanager/
2025-04-28 08:15:31,842 [WARN] ApiDb:259 - Overriding images path with different value:  => /opt/st/stm32cubeide_1.18.0/plugins/com.st.stm32cube.common.mx_6.14.0.202502271554//db//plugins/mcufinder/images/
2025-04-28 08:15:31,849 [INFO] ApiDb:250 - Set database path to: /home/lcroce/.stmcufinder/plugins/mcufinder//mcu/
2025-04-28 08:15:31,850 [INFO] DbMcusAds:125 - Set database path to: /home/lcroce/.stmcufinder/plugins/mcufinder//mcu/
2025-04-28 08:15:31,853 [INFO] CrossReferenceDbSqlite:203 - Set database path to: /home/lcroce/.stmcufinder/plugins/mcufinder//mcu/cs/
2025-04-28 08:15:31,947 [INFO] RulesReader:64 - Compatibility file has been processed (301 Rules)
2025-04-28 08:15:31,992 [INFO] DbMcusXml:78 - Set database path to: /opt/st/stm32cubeide_1.18.0/plugins/com.st.stm32cube.common.mx_6.14.0.202502271554//db//mcu/
2025-04-28 08:15:31,993 [INFO] ApiDb:274 - Set plugin database path to: /opt/st/stm32cubeide_1.18.0/plugins/com.st.stm32cube.common.mx_6.14.0.202502271554//db//plugins/boardmanager/
2025-04-28 08:15:31,993 [INFO] ApiDb:261 - Set plugin images path to: /opt/st/stm32cubeide_1.18.0/plugins/com.st.stm32cube.common.mx_6.14.0.202502271554//db//plugins/mcufinder/images/
2025-04-28 08:15:31,993 [WARN] DbFile:41 - Overriding database path with different value: /home/lcroce/.stmcufinder/plugins/mcufinder/ => /home/lcroce/.stmcufinder/plugins/mcufinder
2025-04-28 08:15:31,993 [INFO] ApiDb:250 - Set database path to: /home/lcroce/.stmcufinder/plugins/mcufinder//mcu/
2025-04-28 08:15:31,993 [WARN] DbFile:41 - Overriding database path with different value: /home/lcroce/.stmcufinder/plugins/mcufinder/ => /home/lcroce/.stmcufinder/plugins/mcufinder
2025-04-28 08:15:31,993 [INFO] DbMcusAds:125 - Set database path to: /home/lcroce/.stmcufinder/plugins/mcufinder//mcu/
2025-04-28 08:15:31,993 [WARN] DbFile:41 - Overriding database path with different value: /home/lcroce/.stmcufinder/plugins/mcufinder/ => /home/lcroce/.stmcufinder/plugins/mcufinder
2025-04-28 08:15:31,993 [WARN] DbFile:41 - Overriding database path with different value: /home/lcroce/.stmcufinder/plugins/mcufinder/ => /home/lcroce/.stmcufinder/plugins/mcufinder
2025-04-28 08:15:31,993 [INFO] CrossReferenceDbSqlite:203 - Set database path to: /home/lcroce/.stmcufinder/plugins/mcufinder//mcu/cs/
2025-04-28 08:15:32,048 [INFO] MainPanel:272 - HeapMemory: 268435456
2025-04-28 08:15:32,156 [INFO] DbMcusXml:78 - Set database path to: /opt/st/stm32cubeide_1.18.0/plugins/com.st.stm32cube.common.mx_6.14.0.202502271554//db//mcu/
2025-04-28 08:15:32,156 [INFO] ApiDb:274 - Set plugin database path to: /opt/st/stm32cubeide_1.18.0/plugins/com.st.stm32cube.common.mx_6.14.0.202502271554//db//plugins/boardmanager/
2025-04-28 08:15:32,156 [INFO] ApiDb:261 - Set plugin images path to: /opt/st/stm32cubeide_1.18.0/plugins/com.st.stm32cube.common.mx_6.14.0.202502271554//db//plugins/mcufinder/images/
2025-04-28 08:15:32,156 [WARN] DbFile:41 - Overriding database path with different value: /home/lcroce/.stmcufinder/plugins/mcufinder/ => /home/lcroce/.stmcufinder/plugins/mcufinder
2025-04-28 08:15:32,156 [INFO] ApiDb:250 - Set database path to: /home/lcroce/.stmcufinder/plugins/mcufinder//mcu/
2025-04-28 08:15:32,156 [WARN] DbFile:41 - Overriding database path with different value: /home/lcroce/.stmcufinder/plugins/mcufinder/ => /home/lcroce/.stmcufinder/plugins/mcufinder
2025-04-28 08:15:32,156 [INFO] DbMcusAds:125 - Set database path to: /home/lcroce/.stmcufinder/plugins/mcufinder//mcu/
2025-04-28 08:15:32,156 [WARN] DbFile:41 - Overriding database path with different value: /home/lcroce/.stmcufinder/plugins/mcufinder/ => /home/lcroce/.stmcufinder/plugins/mcufinder
2025-04-28 08:15:32,156 [WARN] DbFile:41 - Overriding database path with different value: /home/lcroce/.stmcufinder/plugins/mcufinder/ => /home/lcroce/.stmcufinder/plugins/mcufinder
2025-04-28 08:15:32,156 [INFO] CrossReferenceDbSqlite:203 - Set database path to: /home/lcroce/.stmcufinder/plugins/mcufinder//mcu/cs/
2025-04-28 08:15:32,168 [INFO] ApplicationProperties:184 - Using Application install path: /opt/st/stm32cubeide_1.18.0/plugins/com.st.stm32cube.common.mx_6.14.0.202502271554
2025-04-28 08:15:32,169 [INFO] PluginManage:196 - Search for loadable plugins [exclusion list=, ]
2025-04-28 08:15:32,170 [INFO] PluginManage:310 - Check plugin analytics
2025-04-28 08:15:32,272 [INFO] AnalyticsPlugin:253 - Accepted Software Licenses: STM32CubeMX.6.13.0
2025-04-28 08:15:32,272 [INFO] AnalyticsPlugin:255 - Accepted CMSIS Pack Licenses: 
2025-04-28 08:15:32,272 [INFO] AnalyticsPlugin:257 - Accepted Firmware Licenses: FW.F7.1.17.0,FW.L4.1.18.0
2025-04-28 08:15:32,274 [INFO] PluginManage:359 - Loaded plugin analytics (category:tool,tabindex:-1)
2025-04-28 08:15:32,274 [INFO] PluginManage:310 - Check plugin cadmodel
2025-04-28 08:15:32,278 [INFO] CADModel:105 - Init CAD model plugin
2025-04-28 08:15:32,278 [INFO] PluginManage:359 - Loaded plugin cadmodel (category:power,tabindex:5)
2025-04-28 08:15:32,278 [INFO] PluginManage:310 - Check plugin clock
2025-04-28 08:15:32,285 [INFO] PluginManage:359 - Loaded plugin clock (category:base,tabindex:2)
2025-04-28 08:15:32,285 [INFO] PluginManage:310 - Check plugin ddr
2025-04-28 08:15:32,287 [INFO] PluginManage:359 - Loaded plugin ddr (category:tool,tabindex:6)
2025-04-28 08:15:32,287 [INFO] PluginManage:310 - Check plugin filemanager
2025-04-28 08:15:32,389 [INFO] PluginManage:359 - Loaded plugin filemanager (category:base,tabindex:10)
2025-04-28 08:15:32,389 [INFO] PluginManage:310 - Check plugin ipmanager
2025-04-28 08:15:32,393 [INFO] PluginManage:359 - Loaded plugin ipmanager (category:base,tabindex:5)
2025-04-28 08:15:32,393 [INFO] PluginManage:310 - Check plugin lpbam
2025-04-28 08:15:32,400 [INFO] PluginManage:359 - Loaded plugin lpbam (category:base,tabindex:0)
2025-04-28 08:15:32,400 [INFO] PluginManage:310 - Check plugin memorymap
2025-04-28 08:15:32,409 [INFO] PluginManage:359 - Loaded plugin memorymap (category:base,tabindex:4)
2025-04-28 08:15:32,409 [INFO] PluginManage:310 - Check plugin pinoutandconfiguration
2025-04-28 08:15:32,414 [INFO] PluginManage:359 - Loaded plugin pinoutandconfiguration (category:base,tabindex:1)
2025-04-28 08:15:32,415 [INFO] PluginManage:310 - Check plugin pinoutconfig
2025-04-28 08:15:32,473 [WARN] SupportedApi:132 - Cannot load RTOS API schema: s4s-elt-must-match.1: The content of 'definitions' must match (annotation?, (simpleType | complexType)?, (unique | key | keyref)*)). A problem was found starting at: attribute.
2025-04-28 08:15:32,559 [INFO] PluginManage:359 - Loaded plugin pinoutconfig (category:base,tabindex:0)
2025-04-28 08:15:32,559 [INFO] PluginManage:310 - Check plugin power
2025-04-28 08:15:32,565 [INFO] PluginManage:359 - Loaded plugin power (category:power,tabindex:4)
2025-04-28 08:15:32,566 [INFO] PluginManage:310 - Check plugin projectmanager
2025-04-28 08:15:32,576 [INFO] PluginManage:359 - Loaded plugin projectmanager (category:projectmanager,tabindex:4)
2025-04-28 08:15:32,576 [INFO] PluginManage:310 - Check plugin rif
2025-04-28 08:15:32,582 [INFO] PluginManage:359 - Loaded plugin rif (category:base,tabindex:3)
2025-04-28 08:15:32,582 [INFO] PluginManage:310 - Check plugin thirdparty
2025-04-28 08:15:32,668 [INFO] PluginManage:359 - Loaded plugin thirdparty (category:base,tabindex:-1)
2025-04-28 08:15:32,667 [WARN] IntegrityCheckThread:84 - waiting for thirdparty lock release [integrity check]
2025-04-28 08:15:32,668 [INFO] IntegrityCheckThread:86 - entering critical section [integrity check]
2025-04-28 08:15:32,668 [INFO] PluginManage:310 - Check plugin tools
2025-04-28 08:15:32,668 [INFO] ThirdPartyUpdaterWithRetryManager:70 - Updater plugin not ready yet. [1/15]
2025-04-28 08:15:32,670 [INFO] PluginManage:359 - Loaded plugin tools (category:base,tabindex:7)
2025-04-28 08:15:32,670 [INFO] PluginManage:310 - Check plugin tutovideos
2025-04-28 08:15:32,782 [INFO] PluginManage:359 - Loaded plugin tutovideos (category:base,tabindex:-1)
2025-04-28 08:15:32,782 [INFO] PluginManage:310 - Check plugin updater
2025-04-28 08:15:32,800 [INFO] PluginManage:359 - Loaded plugin updater (category:base,tabindex:12)
2025-04-28 08:15:32,800 [INFO] PluginManage:310 - Check plugin userauth
2025-04-28 08:15:32,803 [INFO] UserAuth:118 - Init User Auth plugin
2025-04-28 08:15:32,803 [INFO] PluginManage:359 - Loaded plugin userauth (category:base,tabindex:14)
2025-04-28 08:15:32,804 [INFO] PluginManage:283 - PluginManage : Loaded plugins [18]
2025-04-28 08:15:32,927 [INFO] PinOutPanel:1589 - setPackage(No Configuration,No Configuration)
2025-04-28 08:15:32,972 [INFO] CADModel:165 - CPN selected for project level
2025-04-28 08:15:32,972 [INFO] CADModel:114 - Register for checkConnection events
2025-04-28 08:15:32,988 [INFO] IPUIPlugin:80 - create IPUIPlugin
2025-04-28 08:15:32,989 [INFO] PluginManager:220 - loadIPPluginJar : add ddr_ctrl_phy
2025-04-28 08:15:32,991 [INFO] IPUIPlugin:80 - create IPUIPlugin
2025-04-28 08:15:32,992 [INFO] PluginManager:220 - loadIPPluginJar : add dma3
2025-04-28 08:15:32,994 [INFO] IPUIPlugin:80 - create IPUIPlugin
2025-04-28 08:15:32,994 [INFO] PluginManager:220 - loadIPPluginJar : add gtzc
2025-04-28 08:15:32,999 [INFO] IPUIPlugin:80 - create IPUIPlugin
2025-04-28 08:15:32,999 [INFO] PluginManager:220 - loadIPPluginJar : add dma
2025-04-28 08:15:33,001 [INFO] IPUIPlugin:80 - create IPUIPlugin
2025-04-28 08:15:33,001 [INFO] PluginManager:220 - loadIPPluginJar : add cryp
2025-04-28 08:15:33,005 [INFO] IPUIPlugin:80 - create IPUIPlugin
2025-04-28 08:15:33,005 [INFO] PluginManager:220 - loadIPPluginJar : add resmgrutility
2025-04-28 08:15:33,011 [INFO] IPUIPlugin:80 - create IPUIPlugin
2025-04-28 08:15:33,011 [INFO] PluginManager:220 - loadIPPluginJar : add linkedlist
2025-04-28 08:15:33,013 [INFO] IPUIPlugin:80 - create IPUIPlugin
2025-04-28 08:15:33,013 [INFO] PluginManager:220 - loadIPPluginJar : add usart
2025-04-28 08:15:33,016 [INFO] IPUIPlugin:80 - create IPUIPlugin
2025-04-28 08:15:33,016 [INFO] PluginManager:220 - loadIPPluginJar : add pdm2pcm
2025-04-28 08:15:33,019 [INFO] IPUIPlugin:80 - create IPUIPlugin
2025-04-28 08:15:33,020 [INFO] PluginManager:220 - loadIPPluginJar : add fmc
2025-04-28 08:15:33,024 [INFO] IPUIPlugin:80 - create IPUIPlugin
2025-04-28 08:15:33,024 [INFO] PluginManager:220 - loadIPPluginJar : add gic
2025-04-28 08:15:33,029 [INFO] IPUIPlugin:80 - create IPUIPlugin
2025-04-28 08:15:33,029 [INFO] PluginManager:220 - loadIPPluginJar : add mdma
2025-04-28 08:15:33,031 [INFO] IPUIPlugin:80 - create IPUIPlugin
2025-04-28 08:15:33,031 [INFO] PluginManager:220 - loadIPPluginJar : add ucpd
2025-04-28 08:15:33,034 [INFO] IPUIPlugin:80 - create IPUIPlugin
2025-04-28 08:15:33,034 [INFO] PluginManager:220 - loadIPPluginJar : add gpio
2025-04-28 08:15:33,036 [INFO] IPUIPlugin:80 - create IPUIPlugin
2025-04-28 08:15:33,036 [INFO] PluginManager:220 - loadIPPluginJar : add aes
2025-04-28 08:15:33,038 [INFO] IPUIPlugin:80 - create IPUIPlugin
2025-04-28 08:15:33,038 [INFO] PluginManager:220 - loadIPPluginJar : add opamp
2025-04-28 08:15:33,039 [INFO] IPUIPlugin:80 - create IPUIPlugin
2025-04-28 08:15:33,039 [INFO] PluginManager:220 - loadIPPluginJar : add can
2025-04-28 08:15:33,040 [INFO] IPUIPlugin:80 - create IPUIPlugin
2025-04-28 08:15:33,040 [INFO] PluginManager:220 - loadIPPluginJar : add fatfs
2025-04-28 08:15:33,042 [INFO] IPUIPlugin:80 - create IPUIPlugin
2025-04-28 08:15:33,042 [INFO] PluginManager:220 - loadIPPluginJar : add i3c
2025-04-28 08:15:33,043 [INFO] IPUIPlugin:80 - create IPUIPlugin
2025-04-28 08:15:33,043 [INFO] PluginManager:220 - loadIPPluginJar : add ts
2025-04-28 08:15:33,044 [INFO] IPUIPlugin:80 - create IPUIPlugin
2025-04-28 08:15:33,044 [INFO] PluginManager:220 - loadIPPluginJar : add comp
2025-04-28 08:15:33,049 [INFO] IPUIPlugin:80 - create IPUIPlugin
2025-04-28 08:15:33,052 [INFO] PluginManager:220 - loadIPPluginJar : add plateformsettings
2025-04-28 08:15:33,054 [INFO] IPUIPlugin:80 - create IPUIPlugin
2025-04-28 08:15:33,055 [INFO] PluginManager:220 - loadIPPluginJar : add dfsdm
2025-04-28 08:15:33,058 [INFO] IPUIPlugin:80 - create IPUIPlugin
2025-04-28 08:15:33,058 [INFO] PluginManager:220 - loadIPPluginJar : add nvic
2025-04-28 08:15:33,060 [INFO] IPUIPlugin:80 - create IPUIPlugin
2025-04-28 08:15:33,060 [INFO] PluginManager:220 - loadIPPluginJar : add i2c
2025-04-28 08:15:33,062 [INFO] IPUIPlugin:80 - create IPUIPlugin
2025-04-28 08:15:33,062 [INFO] PluginManager:220 - loadIPPluginJar : add extmemmanager
2025-04-28 08:15:33,063 [INFO] IPUIPlugin:80 - create IPUIPlugin
2025-04-28 08:15:33,063 [INFO] PluginManager:220 - loadIPPluginJar : add tracer_emb
2025-04-28 08:15:33,064 [INFO] IPUIPlugin:80 - create IPUIPlugin
2025-04-28 08:15:33,064 [INFO] PluginManager:220 - loadIPPluginJar : add ltdc
2025-04-28 08:15:33,066 [INFO] IPUIPlugin:80 - create IPUIPlugin
2025-04-28 08:15:33,066 [INFO] PluginManager:220 - loadIPPluginJar : add hash
2025-04-28 08:15:33,067 [INFO] IPUIPlugin:80 - create IPUIPlugin
2025-04-28 08:15:33,068 [INFO] PluginManager:220 - loadIPPluginJar : add lorawan
2025-04-28 08:15:33,069 [INFO] IPUIPlugin:80 - create IPUIPlugin
2025-04-28 08:15:33,069 [INFO] PluginManager:220 - loadIPPluginJar : add radio
2025-04-28 08:15:33,071 [INFO] IPUIPlugin:80 - create IPUIPlugin
2025-04-28 08:15:33,072 [INFO] PluginManager:220 - loadIPPluginJar : add usbx
2025-04-28 08:15:33,074 [INFO] IPUIPlugin:80 - create IPUIPlugin
2025-04-28 08:15:33,074 [INFO] PluginManager:220 - loadIPPluginJar : add openamp
2025-04-28 08:15:33,078 [INFO] IPUIPlugin:80 - create IPUIPlugin
2025-04-28 08:15:33,079 [INFO] PluginManager:220 - loadIPPluginJar : add stm32_wpan
2025-04-28 08:15:33,081 [INFO] IPUIPlugin:80 - create IPUIPlugin
2025-04-28 08:15:33,081 [INFO] PluginManager:220 - loadIPPluginJar : add gfxmmu
2025-04-28 08:15:33,083 [INFO] IPUIPlugin:80 - create IPUIPlugin
2025-04-28 08:15:33,083 [INFO] PluginManager:220 - loadIPPluginJar : add ipddr
2025-04-28 08:15:33,085 [INFO] IPUIPlugin:80 - create IPUIPlugin
2025-04-28 08:15:33,086 [INFO] PluginManager:220 - loadIPPluginJar : add i2s
2025-04-28 08:15:33,087 [INFO] IPUIPlugin:80 - create IPUIPlugin
2025-04-28 08:15:33,087 [INFO] PluginManager:220 - loadIPPluginJar : add tim
2025-04-28 08:15:33,092 [INFO] IPUIPlugin:80 - create IPUIPlugin
2025-04-28 08:15:33,093 [INFO] PluginManager:220 - loadIPPluginJar : add adc
2025-04-28 08:15:33,095 [INFO] IPUIPlugin:80 - create IPUIPlugin
2025-04-28 08:15:33,095 [INFO] PluginManager:220 - loadIPPluginJar : add sai
2025-04-28 08:15:33,098 [INFO] IPUIPlugin:80 - create IPUIPlugin
2025-04-28 08:15:33,098 [INFO] PluginManager:220 - loadIPPluginJar : add touchsensing
2025-04-28 08:15:33,099 [INFO] IPUIPlugin:80 - create IPUIPlugin
2025-04-28 08:15:33,099 [INFO] PluginManager:220 - loadIPPluginJar : add quadspi
2025-04-28 08:15:33,100 [INFO] IPUIPlugin:80 - create IPUIPlugin
2025-04-28 08:15:33,100 [INFO] PluginManager:220 - loadIPPluginJar : add spi
2025-04-28 08:15:33,102 [INFO] IPUIPlugin:80 - create IPUIPlugin
2025-04-28 08:15:33,102 [INFO] PluginManager:220 - loadIPPluginJar : add tsc
2025-04-28 08:15:33,103 [INFO] IPUIPlugin:80 - create IPUIPlugin
2025-04-28 08:15:33,103 [INFO] PluginManager:220 - loadIPPluginJar : add genericplugin
2025-04-28 08:15:33,107 [INFO] IPUIPlugin:80 - create IPUIPlugin
2025-04-28 08:15:33,107 [INFO] PluginManager:220 - loadIPPluginJar : add freertos
2025-04-28 08:15:33,201 [FATAL] Updater:351 - Updater called before beeing initialized
2025-04-28 08:15:33,221 [INFO] RulesReader:64 - Compatibility file has been processed (301 Rules)
2025-04-28 08:15:33,236 [INFO] RulesReader:64 - Compatibility file has been processed (301 Rules)
2025-04-28 08:15:33,241 [INFO] CADModel:165 - CPN selected for project level
2025-04-28 08:15:33,242 [INFO] CADModel:114 - Register for checkConnection events
2025-04-28 08:15:33,242 [FATAL] Updater:351 - Updater called before beeing initialized
2025-04-28 08:15:33,242 [ERROR] CADModel:125 - Updater not yet initialized, retry later 
2025-04-28 08:15:33,330 [FATAL] Updater:351 - Updater called before beeing initialized
2025-04-28 08:15:33,332 [INFO] CADModel:165 - CPN selected for project level
2025-04-28 08:15:33,332 [INFO] CADModel:114 - Register for checkConnection events
2025-04-28 08:15:33,332 [FATAL] Updater:351 - Updater called before beeing initialized
2025-04-28 08:15:33,332 [ERROR] CADModel:125 - Updater not yet initialized, retry later 
2025-04-28 08:15:33,334 [FATAL] Updater:351 - Updater called before beeing initialized
2025-04-28 08:15:33,393 [FATAL] Updater:351 - Updater called before beeing initialized
2025-04-28 08:15:33,396 [INFO] DbMcusAds:53 - JSON generation date=Thu Mar 06 15:54:22 CET 2025 (1741272862204)
2025-04-28 08:15:33,396 [FATAL] Updater:351 - Updater called before beeing initialized
2025-04-28 08:15:33,420 [WARN] DetailPanel:346 - Failed to get advertising image, set to default
2025-04-28 08:15:33,596 [FATAL] Updater:351 - Updater called before beeing initialized
2025-04-28 08:15:33,598 [FATAL] Updater:351 - Updater called before beeing initialized
2025-04-28 08:15:33,598 [FATAL] Updater:351 - Updater called before beeing initialized
2025-04-28 08:15:33,598 [WARN] DetailPanel:346 - Failed to get advertising image, set to default
2025-04-28 08:15:33,598 [FATAL] Updater:351 - Updater called before beeing initialized
2025-04-28 08:15:33,624 [ERROR] Updater:1198 - MainUpdater not yet initialized. External WinMGr cannot be set.
2025-04-28 08:15:33,625 [INFO] Updater:1134 - Updater Version found : 6.14.0
2025-04-28 08:15:33,642 [INFO] ApplicationProperties:184 - Using Application install path: /opt/st/stm32cubeide_1.18.0/plugins/com.st.stm32cube.common.mx_6.14.0.202502271554
2025-04-28 08:15:33,651 [ERROR] LogOutputStream:75 - [STDERR_REDIRECT] Apr 28, 2025 8:15:33 AM java.util.prefs.FileSystemPreferences$2 run
2025-04-28 08:15:33,652 [ERROR] LogOutputStream:75 - [STDERR_REDIRECT] WARNING: Could not create system preferences directory. System preferences are unusable.
2025-04-28 08:15:33,652 [ERROR] LogOutputStream:75 - [STDERR_REDIRECT] 
2025-04-28 08:15:33,822 [INFO] MainUpdater:2872 - connection check result : 10
2025-04-28 08:15:33,823 [INFO] MainUpdater:289 - Updater Check For Update Now.
2025-04-28 08:15:33,823 [INFO] MicroXplorer:498 - Change Database Version : DB.6.0.140
2025-04-28 08:15:33,826 [INFO] McuFinderGlobals:63 - Set McuFinder mode to 2 (CubeIDE integrated)
2025-04-28 08:15:33,827 [INFO] UserAuth:486 - Internet connection configuration mode: 1
2025-04-28 08:15:33,842 [INFO] JxBrowserEngine:152 - Initiate JxBrowser Engine with user profile folder
2025-04-28 08:15:33,981 [INFO] CheckServerUpdateThread:120 - End of CheckServer Thread
2025-04-28 08:15:34,533 [INFO] WebApp:169 - Instantiating new browser for Auth
2025-04-28 08:15:35,189 [INFO] WebApp:463 - Apply proxy settings
2025-04-28 08:15:35,190 [INFO] WebApp:548 - Chromium requires no authentication
2025-04-28 08:15:35,196 [INFO] WebApp:491 - Direct internet connection detected
2025-04-28 08:15:35,211 [INFO] WebApp:894 - Register for checkConnection events
2025-04-28 08:15:35,211 [INFO] WebApp:463 - Apply proxy settings
2025-04-28 08:15:35,211 [INFO] WebApp:548 - Chromium requires no authentication
2025-04-28 08:15:35,211 [INFO] WebApp:491 - Direct internet connection detected
2025-04-28 08:15:35,332 [INFO] WebApp:225 - Starting web application
2025-04-28 08:15:35,332 [INFO] WebApp:593 - Web application path used /opt/st/stm32cubeide_1.18.0/plugins/com.st.stm32cube.common.mx_6.14.0.202502271554/db/plugins/mcufinder/reactClient1/index.html
2025-04-28 08:15:35,382 [INFO] WebApp:191 - Connection restablished
2025-04-28 08:15:35,459 [INFO] UserAuth:486 - Internet connection configuration mode: 1
2025-04-28 08:15:35,773 [WARN] PackLoader:240 - Cannot read IP mode file for STMicroelectronics.FP-SNS-MOTENVWB1.1.4.0
2025-04-28 08:15:35,781 [WARN] PackLoader:240 - Cannot read IP mode file for STMicroelectronics.FP-ATR-ASTRA1.2.0.2
2025-04-28 08:15:35,787 [WARN] PackLoader:240 - Cannot read IP mode file for STMicroelectronics.X-CUBE-SMBUS.2.1.0
2025-04-28 08:15:35,795 [WARN] PackLoader:240 - Cannot read IP mode file for STMicroelectronics.X-CUBE-WB05N.1.1.0
2025-04-28 08:15:35,827 [WARN] PackLoader:240 - Cannot read IP mode file for STMicroelectronics.X-CUBE-AZRTOS-F7.1.1.0
2025-04-28 08:15:35,836 [WARN] PackLoader:240 - Cannot read IP mode file for STMicroelectronics.FP-SNS-FLIGHT1.5.0.2
2025-04-28 08:15:35,860 [WARN] PackLoader:240 - Cannot read IP mode file for Infineon.AIROC-Wi-Fi-Bluetooth-STM32.1.7.0
2025-04-28 08:15:35,872 [WARN] PackLoader:240 - Cannot read IP mode file for STMicroelectronics.X-CUBE-DISPLAY.3.0.0
2025-04-28 08:15:35,883 [WARN] PackLoader:240 - Cannot read IP mode file for STMicroelectronics.X-CUBE-NFC10.1.0.0
2025-04-28 08:15:35,890 [WARN] PackLoader:240 - Cannot read IP mode file for STMicroelectronics.X-CUBE-BLEMGR.4.0.0
2025-04-28 08:15:35,903 [WARN] PackLoader:240 - Cannot read IP mode file for emotas.I-CUBE-CANOPEN.1.3.0
2025-04-28 08:15:35,908 [WARN] ConditionMgr:438 - getConditionDescription Invalid condition id : Cortex-A Device cause : null
2025-04-28 08:15:35,919 [WARN] ConditionMgr:1044 - genDependencies : Invalid condition id : Cortex-A Device cause : null
2025-04-28 08:15:35,919 [WARN] ConditionMgr:1044 - genDependencies : Invalid condition id : Cortex-A Device cause : null
2025-04-28 08:15:35,920 [WARN] ConditionMgr:1044 - genDependencies : Invalid condition id : Cortex-A Device cause : null
2025-04-28 08:15:35,925 [WARN] PackLoader:240 - Cannot read IP mode file for STMicroelectronics.X-CUBE-AI.10.0.0
2025-04-28 08:15:35,929 [WARN] PackLoader:240 - Cannot read IP mode file for STMicroelectronics.FP-SNS-SMARTAG2.1.2.0
2025-04-28 08:15:35,932 [WARN] PackLoader:240 - Cannot read IP mode file for STMicroelectronics.FP-SNS-FLIGHT1.5.1.0
2025-04-28 08:15:36,008 [WARN] PackLoader:240 - Cannot read IP mode file for STMicroelectronics.X-CUBE-MEMS1.11.1.0
2025-04-28 08:15:36,140 [INFO] LogOutputStream:77 - [STDOUT_REDIRECT] 1 : Invalid condition id : UX_CORESTACK_Condition cause : null
2025-04-28 08:15:36,140 [INFO] LogOutputStream:77 - [STDOUT_REDIRECT] 1 : Invalid condition id : UX_CORESTACK_Condition cause : null
2025-04-28 08:15:36,141 [INFO] LogOutputStream:77 - [STDOUT_REDIRECT] 1 : Invalid condition id : UX_CORESTACK_Condition cause : null
2025-04-28 08:15:36,141 [INFO] LogOutputStream:77 - [STDOUT_REDIRECT] 1 : Invalid condition id : UX_CORESTACK_Condition cause : null
2025-04-28 08:15:36,141 [INFO] LogOutputStream:77 - [STDOUT_REDIRECT] 1 : Invalid condition id : UX_CORESTACK_Condition cause : null
2025-04-28 08:15:36,143 [WARN] PackLoader:240 - Cannot read IP mode file for STMicroelectronics.X-CUBE-AZRTOS-WL.2.0.0
2025-04-28 08:15:36,149 [WARN] PackLoader:240 - Cannot read IP mode file for STMicroelectronics.FP-SNS-MOTENV1.5.0.0
2025-04-28 08:15:36,155 [WARN] PackLoader:240 - Cannot read IP mode file for WES.I-CUBE-Cesium.1.3.0
2025-04-28 08:15:36,158 [WARN] PackLoader:240 - Cannot read IP mode file for STMicroelectronics.X-CUBE-BLE2.3.3.0
2025-04-28 08:15:36,163 [WARN] PackLoader:240 - Cannot read IP mode file for STMicroelectronics.X-CUBE-NFC9.1.0.0
2025-04-28 08:15:36,168 [WARN] PackLoader:240 - Cannot read IP mode file for STMicroelectronics.X-CUBE-BLE1.7.1.0
2025-04-28 08:15:36,171 [WARN] PackLoader:240 - Cannot read IP mode file for wolfSSL.I-CUBE-wolfMQTT.1.19.2
2025-04-28 08:15:36,202 [WARN] PackLoader:240 - Cannot read IP mode file for STMicroelectronics.X-CUBE-MEMS1.11.2.0
2025-04-28 08:15:36,281 [WARN] PackLoader:240 - Cannot read IP mode file for STMicroelectronics.X-CUBE-AZRTOS-G0.1.1.0
2025-04-28 08:15:36,285 [WARN] PackLoader:240 - Cannot read IP mode file for STMicroelectronics.X-CUBE-SAFEA1.1.2.2
2025-04-28 08:15:36,288 [WARN] PackLoader:240 - Cannot read IP mode file for STMicroelectronics.X-CUBE-NFC4.3.0.0
2025-04-28 08:15:36,292 [WARN] PackLoader:240 - Cannot read IP mode file for EmbeddedOffice.I-CUBE-FS-RTOS.1.0.1
2025-04-28 08:15:36,296 [WARN] PackLoader:240 - Cannot read IP mode file for STMicroelectronics.X-CUBE-WB05N.2.0.0
2025-04-28 08:15:36,298 [WARN] PackLoader:240 - Cannot read IP mode file for wolfSSL.I-CUBE-wolfTPM.3.8.0
2025-04-28 08:15:36,301 [WARN] PackLoader:240 - Cannot read IP mode file for STMicroelectronics.X-CUBE-TCPP.4.2.0
2025-04-28 08:15:36,310 [WARN] PackLoader:240 - Cannot read IP mode file for RealThread.X-CUBE-RT-Thread_Nano.4.1.1
2025-04-28 08:15:36,313 [WARN] PackLoader:240 - Cannot read IP mode file for STMicroelectronics.FP-ATR-SIGFOX1.3.2.0
2025-04-28 08:15:36,318 [WARN] PackLoader:240 - Cannot read IP mode file for STMicroelectronics.X-CUBE-EEPRMA1.5.1.0
2025-04-28 08:15:36,322 [WARN] PackLoader:240 - Cannot read IP mode file for wolfSSL.I-CUBE-wolfSSL.5.7.6
2025-04-28 08:15:36,326 [WARN] PackLoader:240 - Cannot read IP mode file for ITTIA_DB.I-CUBE-ITTIADB.8.9.0
2025-04-28 08:15:36,348 [WARN] PackLoader:240 - Cannot read IP mode file for SEGGER.I-CUBE-embOS.1.3.1
2025-04-28 08:15:36,419 [WARN] PackLoader:240 - Cannot read IP mode file for STMicroelectronics.X-CUBE-ALGOBUILD.1.4.0
2025-04-28 08:15:36,433 [WARN] PackLoader:240 - Cannot read IP mode file for STMicroelectronics.X-CUBE-AZRTOS-F4.1.1.0
2025-04-28 08:15:36,438 [WARN] PackLoader:240 - Cannot read IP mode file for Avnet-IotConnect.X-CUBE-IoTC-DA16k-PMOD.1.0.0
2025-04-28 08:15:36,442 [WARN] PackLoader:240 - Cannot read IP mode file for STMicroelectronics.X-CUBE-ISPU.2.1.0
2025-04-28 08:15:36,456 [WARN] PackLoader:240 - Cannot read IP mode file for STMicroelectronics.X-CUBE-AZRTOS-L5.2.0.0
2025-04-28 08:15:36,468 [WARN] PackLoader:240 - Cannot read IP mode file for STMicroelectronics.X-CUBE-NFC6.3.1.0
2025-04-28 08:15:36,472 [WARN] PackLoader:240 - Cannot read IP mode file for STMicroelectronics.X-CUBE-DPower.1.2.0
2025-04-28 08:15:36,475 [WARN] PackLoader:240 - Cannot read IP mode file for STMicroelectronics.X-CUBE-FREERTOS.1.3.0
2025-04-28 08:15:36,480 [WARN] PackLoader:240 - Cannot read IP mode file for STMicroelectronics.X-CUBE-NFC7.1.0.1
2025-04-28 08:15:36,484 [WARN] PackLoader:240 - Cannot read IP mode file for STMicroelectronics.X-CUBE-DPower.1.3.0
2025-04-28 08:15:36,494 [WARN] ConditionMgr:438 - getConditionDescription Invalid condition id : LAN8742 Phy interface Condition cause : null
2025-04-28 08:15:36,495 [WARN] PackLoader:240 - Cannot read IP mode file for STMicroelectronics.X-CUBE-AZRTOS-L4.2.0.0
2025-04-28 08:15:36,496 [WARN] ConditionMgr:1044 - genDependencies : Invalid condition id : LAN8742 Phy interface Condition cause : null
2025-04-28 08:15:36,496 [WARN] ConditionMgr:1044 - genDependencies : Invalid condition id : LAN8742 Phy interface Condition cause : null
2025-04-28 08:15:36,496 [WARN] ConditionMgr:1044 - genDependencies : Invalid condition id : LAN8742 Phy interface Condition cause : null
2025-04-28 08:15:36,502 [WARN] PackLoader:240 - Cannot read IP mode file for STMicroelectronics.X-CUBE-SFXS2LP1.4.0.0
2025-04-28 08:15:36,516 [WARN] PackLoader:240 - Cannot read IP mode file for STMicroelectronics.X-CUBE-AZRTOS-H7.3.3.0
2025-04-28 08:15:36,528 [WARN] ConditionMgr:438 - getConditionDescription Invalid condition id : UX DEVICE CLASS RTOS Condition cause : null
2025-04-28 08:15:36,529 [WARN] ConditionMgr:438 - getConditionDescription Invalid condition id : UX DEVICE CLASS RTOS Condition cause : null
2025-04-28 08:15:36,531 [WARN] PackLoader:240 - Cannot read IP mode file for STMicroelectronics.X-CUBE-AZRTOS-WB.2.0.0
2025-04-28 08:15:36,532 [WARN] ConditionMgr:1044 - genDependencies : Invalid condition id : UX DEVICE CLASS RTOS Condition cause : null
2025-04-28 08:15:36,532 [WARN] ConditionMgr:1044 - genDependencies : Invalid condition id : UX DEVICE CLASS RTOS Condition cause : null
2025-04-28 08:15:36,533 [WARN] ConditionMgr:1044 - genDependencies : Invalid condition id : UX DEVICE CLASS RTOS Condition cause : null
2025-04-28 08:15:36,533 [WARN] ConditionMgr:1044 - genDependencies : Invalid condition id : UX DEVICE CLASS RTOS Condition cause : null
2025-04-28 08:15:36,533 [WARN] ConditionMgr:1044 - genDependencies : Invalid condition id : UX DEVICE CLASS RTOS Condition cause : null
2025-04-28 08:15:36,538 [WARN] PackLoader:240 - Cannot read IP mode file for STMicroelectronics.X-CUBE-GNSS1.7.0.1
2025-04-28 08:15:36,543 [WARN] PackLoader:240 - Cannot read IP mode file for STMicroelectronics.X-CUBE-TOUCHGFX.4.25.0
2025-04-28 08:15:36,549 [WARN] PackLoader:240 - Cannot read IP mode file for STMicroelectronics.FP-SNS-STBOX1.2.0.0
2025-04-28 08:15:36,560 [WARN] PackLoader:240 - Cannot read IP mode file for STMicroelectronics.X-CUBE-SUBG2.5.0.0
2025-04-28 08:15:36,575 [WARN] PackLoader:240 - Cannot read IP mode file for STMicroelectronics.X-CUBE-AZRTOS-H7RS.1.1.0
2025-04-28 08:15:36,580 [WARN] PackLoader:240 - Cannot read IP mode file for Cesanta.I-CUBE-Mongoose.7.13.0
2025-04-28 08:15:36,588 [WARN] PackLoader:240 - Cannot read IP mode file for STMicroelectronics.X-CUBE-AZRTOS-G4.2.0.0
2025-04-28 08:15:36,593 [WARN] PackLoader:240 - Cannot read IP mode file for wolfSSL.I-CUBE-wolfSSH.1.4.20
2025-04-28 08:15:36,600 [WARN] PackLoader:240 - Cannot read IP mode file for STMicroelectronics.X-CUBE-IPS.3.1.0
2025-04-28 08:15:36,608 [WARN] PackLoader:240 - Cannot read IP mode file for STMicroelectronics.X-CUBE-ALS.1.0.2
2025-04-28 08:15:36,611 [WARN] PackLoader:240 - Cannot read IP mode file for portGmbH.I-Cube-SoM-uGOAL.1.1.0
2025-04-28 08:15:36,620 [WARN] PackLoader:240 - Cannot read IP mode file for STMicroelectronics.X-CUBE-AZRTOS-H7RS.1.0.0
2025-04-28 08:15:36,628 [WARN] PackLoader:240 - Cannot read IP mode file for STMicroelectronics.X-CUBE-TOF1.3.4.2
2025-04-28 08:15:36,640 [WARN] PackLoader:240 - Cannot read IP mode file for STMicroelectronics.X-CUBE-TOF1.3.4.3
2025-04-28 08:15:36,646 [INFO] ThirdParty:978 - Integrity check success = true
2025-04-28 08:15:36,646 [INFO] IntegrityCheckThread:100 - exiting critical section [integrity check]
2025-04-28 08:15:36,646 [INFO] IntegrityCheckThread:103 - End integrity checks thread
2025-04-28 08:16:01,684 [ERROR] LogOutputStream:75 - [STDERR_REDIRECT] Apr 28, 2025 8:16:01 AM java.util.prefs.FileSystemPreferences checkLockFile0ErrorCode
2025-04-28 08:16:01,685 [ERROR] LogOutputStream:75 - [STDERR_REDIRECT] WARNING: Could not lock System prefs. Unix error code 2.
2025-04-28 08:16:01,685 [ERROR] LogOutputStream:75 - [STDERR_REDIRECT] 
2025-04-28 08:16:01,685 [ERROR] LogOutputStream:75 - [STDERR_REDIRECT] Apr 28, 2025 8:16:01 AM java.util.prefs.FileSystemPreferences syncWorld
2025-04-28 08:16:01,686 [ERROR] LogOutputStream:75 - [STDERR_REDIRECT] WARNING: Couldn't flush system prefs: java.util.prefs.BackingStoreException: Couldn't get file lock.
2025-04-28 08:16:01,686 [ERROR] LogOutputStream:75 - [STDERR_REDIRECT] 
2025-04-28 08:16:31,679 [ERROR] LogOutputStream:75 - [STDERR_REDIRECT] Apr 28, 2025 8:16:31 AM java.util.prefs.FileSystemPreferences checkLockFile0ErrorCode
2025-04-28 08:16:31,679 [ERROR] LogOutputStream:75 - [STDERR_REDIRECT] WARNING: Could not lock System prefs. Unix error code 2.
2025-04-28 08:16:31,680 [ERROR] LogOutputStream:75 - [STDERR_REDIRECT] 
2025-04-28 08:16:31,680 [ERROR] LogOutputStream:75 - [STDERR_REDIRECT] Apr 28, 2025 8:16:31 AM java.util.prefs.FileSystemPreferences syncWorld
2025-04-28 08:16:31,680 [ERROR] LogOutputStream:75 - [STDERR_REDIRECT] WARNING: Couldn't flush system prefs: java.util.prefs.BackingStoreException: Couldn't get file lock.
2025-04-28 08:16:31,681 [ERROR] LogOutputStream:75 - [STDERR_REDIRECT] 
2025-04-28 08:17:01,679 [ERROR] LogOutputStream:75 - [STDERR_REDIRECT] Apr 28, 2025 8:17:01 AM java.util.prefs.FileSystemPreferences checkLockFile0ErrorCode
2025-04-28 08:17:01,679 [ERROR] LogOutputStream:75 - [STDERR_REDIRECT] WARNING: Could not lock System prefs. Unix error code 2.
2025-04-28 08:17:01,679 [ERROR] LogOutputStream:75 - [STDERR_REDIRECT] 
2025-04-28 08:17:01,680 [ERROR] LogOutputStream:75 - [STDERR_REDIRECT] Apr 28, 2025 8:17:01 AM java.util.prefs.FileSystemPreferences syncWorld
2025-04-28 08:17:01,680 [ERROR] LogOutputStream:75 - [STDERR_REDIRECT] WARNING: Couldn't flush system prefs: java.util.prefs.BackingStoreException: Couldn't get file lock.
2025-04-28 08:17:01,680 [ERROR] LogOutputStream:75 - [STDERR_REDIRECT] 
2025-04-28 08:17:31,682 [ERROR] LogOutputStream:75 - [STDERR_REDIRECT] Apr 28, 2025 8:17:31 AM java.util.prefs.FileSystemPreferences checkLockFile0ErrorCode
2025-04-28 08:17:31,682 [ERROR] LogOutputStream:75 - [STDERR_REDIRECT] WARNING: Could not lock System prefs. Unix error code 2.
2025-04-28 08:17:31,682 [ERROR] LogOutputStream:75 - [STDERR_REDIRECT] 
2025-04-28 08:17:31,683 [ERROR] LogOutputStream:75 - [STDERR_REDIRECT] Apr 28, 2025 8:17:31 AM java.util.prefs.FileSystemPreferences syncWorld
2025-04-28 08:17:31,683 [ERROR] LogOutputStream:75 - [STDERR_REDIRECT] WARNING: Couldn't flush system prefs: java.util.prefs.BackingStoreException: Couldn't get file lock.
2025-04-28 08:17:31,683 [ERROR] LogOutputStream:75 - [STDERR_REDIRECT] 
2025-04-28 08:18:01,679 [ERROR] LogOutputStream:75 - [STDERR_REDIRECT] Apr 28, 2025 8:18:01 AM java.util.prefs.FileSystemPreferences checkLockFile0ErrorCode
2025-04-28 08:18:01,679 [ERROR] LogOutputStream:75 - [STDERR_REDIRECT] WARNING: Could not lock System prefs. Unix error code 2.
2025-04-28 08:18:01,680 [ERROR] LogOutputStream:75 - [STDERR_REDIRECT] 
2025-04-28 08:18:01,680 [ERROR] LogOutputStream:75 - [STDERR_REDIRECT] Apr 28, 2025 8:18:01 AM java.util.prefs.FileSystemPreferences syncWorld
2025-04-28 08:18:01,680 [ERROR] LogOutputStream:75 - [STDERR_REDIRECT] WARNING: Couldn't flush system prefs: java.util.prefs.BackingStoreException: Couldn't get file lock.
2025-04-28 08:18:01,681 [ERROR] LogOutputStream:75 - [STDERR_REDIRECT] 
2025-04-28 08:18:31,679 [ERROR] LogOutputStream:75 - [STDERR_REDIRECT] Apr 28, 2025 8:18:31 AM java.util.prefs.FileSystemPreferences checkLockFile0ErrorCode
2025-04-28 08:18:31,679 [ERROR] LogOutputStream:75 - [STDERR_REDIRECT] WARNING: Could not lock System prefs. Unix error code 2.
2025-04-28 08:18:31,679 [ERROR] LogOutputStream:75 - [STDERR_REDIRECT] 
2025-04-28 08:18:31,680 [ERROR] LogOutputStream:75 - [STDERR_REDIRECT] Apr 28, 2025 8:18:31 AM java.util.prefs.FileSystemPreferences syncWorld
2025-04-28 08:18:31,680 [ERROR] LogOutputStream:75 - [STDERR_REDIRECT] WARNING: Couldn't flush system prefs: java.util.prefs.BackingStoreException: Couldn't get file lock.
2025-04-28 08:18:31,680 [ERROR] LogOutputStream:75 - [STDERR_REDIRECT] 
2025-04-28 08:19:01,680 [ERROR] LogOutputStream:75 - [STDERR_REDIRECT] Apr 28, 2025 8:19:01 AM java.util.prefs.FileSystemPreferences checkLockFile0ErrorCode
2025-04-28 08:19:01,680 [ERROR] LogOutputStream:75 - [STDERR_REDIRECT] WARNING: Could not lock System prefs. Unix error code 2.
2025-04-28 08:19:01,680 [ERROR] LogOutputStream:75 - [STDERR_REDIRECT] 
2025-04-28 08:19:01,680 [ERROR] LogOutputStream:75 - [STDERR_REDIRECT] Apr 28, 2025 8:19:01 AM java.util.prefs.FileSystemPreferences syncWorld
2025-04-28 08:19:01,680 [ERROR] LogOutputStream:75 - [STDERR_REDIRECT] WARNING: Couldn't flush system prefs: java.util.prefs.BackingStoreException: Couldn't get file lock.
2025-04-28 08:19:01,680 [ERROR] LogOutputStream:75 - [STDERR_REDIRECT] 
2025-04-28 08:19:31,679 [ERROR] LogOutputStream:75 - [STDERR_REDIRECT] Apr 28, 2025 8:19:31 AM java.util.prefs.FileSystemPreferences checkLockFile0ErrorCode
2025-04-28 08:19:31,679 [ERROR] LogOutputStream:75 - [STDERR_REDIRECT] WARNING: Could not lock System prefs. Unix error code 2.
2025-04-28 08:19:31,679 [ERROR] LogOutputStream:75 - [STDERR_REDIRECT] 
2025-04-28 08:19:31,680 [ERROR] LogOutputStream:75 - [STDERR_REDIRECT] Apr 28, 2025 8:19:31 AM java.util.prefs.FileSystemPreferences syncWorld
2025-04-28 08:19:31,680 [ERROR] LogOutputStream:75 - [STDERR_REDIRECT] WARNING: Couldn't flush system prefs: java.util.prefs.BackingStoreException: Couldn't get file lock.
2025-04-28 08:19:31,680 [ERROR] LogOutputStream:75 - [STDERR_REDIRECT] 
2025-04-28 08:20:01,681 [ERROR] LogOutputStream:75 - [STDERR_REDIRECT] Apr 28, 2025 8:20:01 AM java.util.prefs.FileSystemPreferences checkLockFile0ErrorCode
2025-04-28 08:20:01,681 [ERROR] LogOutputStream:75 - [STDERR_REDIRECT] WARNING: Could not lock System prefs. Unix error code 2.
2025-04-28 08:20:01,681 [ERROR] LogOutputStream:75 - [STDERR_REDIRECT] 
2025-04-28 08:20:01,681 [ERROR] LogOutputStream:75 - [STDERR_REDIRECT] Apr 28, 2025 8:20:01 AM java.util.prefs.FileSystemPreferences syncWorld
2025-04-28 08:20:01,681 [ERROR] LogOutputStream:75 - [STDERR_REDIRECT] WARNING: Couldn't flush system prefs: java.util.prefs.BackingStoreException: Couldn't get file lock.
2025-04-28 08:20:01,681 [ERROR] LogOutputStream:75 - [STDERR_REDIRECT] 
2025-04-28 08:20:31,679 [ERROR] LogOutputStream:75 - [STDERR_REDIRECT] Apr 28, 2025 8:20:31 AM java.util.prefs.FileSystemPreferences checkLockFile0ErrorCode
2025-04-28 08:20:31,679 [ERROR] LogOutputStream:75 - [STDERR_REDIRECT] WARNING: Could not lock System prefs. Unix error code 2.
2025-04-28 08:20:31,679 [ERROR] LogOutputStream:75 - [STDERR_REDIRECT] 
2025-04-28 08:20:31,680 [ERROR] LogOutputStream:75 - [STDERR_REDIRECT] Apr 28, 2025 8:20:31 AM java.util.prefs.FileSystemPreferences syncWorld
2025-04-28 08:20:31,680 [ERROR] LogOutputStream:75 - [STDERR_REDIRECT] WARNING: Couldn't flush system prefs: java.util.prefs.BackingStoreException: Couldn't get file lock.
2025-04-28 08:20:31,680 [ERROR] LogOutputStream:75 - [STDERR_REDIRECT] 
2025-04-28 08:21:01,680 [ERROR] LogOutputStream:75 - [STDERR_REDIRECT] Apr 28, 2025 8:21:01 AM java.util.prefs.FileSystemPreferences checkLockFile0ErrorCode
2025-04-28 08:21:01,680 [ERROR] LogOutputStream:75 - [STDERR_REDIRECT] WARNING: Could not lock System prefs. Unix error code 2.
2025-04-28 08:21:01,680 [ERROR] LogOutputStream:75 - [STDERR_REDIRECT] 
2025-04-28 08:21:01,681 [ERROR] LogOutputStream:75 - [STDERR_REDIRECT] Apr 28, 2025 8:21:01 AM java.util.prefs.FileSystemPreferences syncWorld
2025-04-28 08:21:01,681 [ERROR] LogOutputStream:75 - [STDERR_REDIRECT] WARNING: Couldn't flush system prefs: java.util.prefs.BackingStoreException: Couldn't get file lock.
2025-04-28 08:21:01,681 [ERROR] LogOutputStream:75 - [STDERR_REDIRECT] 
2025-04-28 08:21:31,679 [ERROR] LogOutputStream:75 - [STDERR_REDIRECT] Apr 28, 2025 8:21:31 AM java.util.prefs.FileSystemPreferences checkLockFile0ErrorCode
2025-04-28 08:21:31,680 [ERROR] LogOutputStream:75 - [STDERR_REDIRECT] WARNING: Could not lock System prefs. Unix error code 2.
2025-04-28 08:21:31,680 [ERROR] LogOutputStream:75 - [STDERR_REDIRECT] 
2025-04-28 08:21:31,680 [ERROR] LogOutputStream:75 - [STDERR_REDIRECT] Apr 28, 2025 8:21:31 AM java.util.prefs.FileSystemPreferences syncWorld
2025-04-28 08:21:31,680 [ERROR] LogOutputStream:75 - [STDERR_REDIRECT] WARNING: Couldn't flush system prefs: java.util.prefs.BackingStoreException: Couldn't get file lock.
2025-04-28 08:21:31,680 [ERROR] LogOutputStream:75 - [STDERR_REDIRECT] 
2025-04-28 08:22:01,680 [ERROR] LogOutputStream:75 - [STDERR_REDIRECT] Apr 28, 2025 8:22:01 AM java.util.prefs.FileSystemPreferences checkLockFile0ErrorCode
2025-04-28 08:22:01,680 [ERROR] LogOutputStream:75 - [STDERR_REDIRECT] WARNING: Could not lock System prefs. Unix error code 2.
2025-04-28 08:22:01,680 [ERROR] LogOutputStream:75 - [STDERR_REDIRECT] 
2025-04-28 08:22:01,680 [ERROR] LogOutputStream:75 - [STDERR_REDIRECT] Apr 28, 2025 8:22:01 AM java.util.prefs.FileSystemPreferences syncWorld
2025-04-28 08:22:01,680 [ERROR] LogOutputStream:75 - [STDERR_REDIRECT] WARNING: Couldn't flush system prefs: java.util.prefs.BackingStoreException: Couldn't get file lock.
2025-04-28 08:22:01,680 [ERROR] LogOutputStream:75 - [STDERR_REDIRECT] 
2025-04-28 08:22:31,680 [ERROR] LogOutputStream:75 - [STDERR_REDIRECT] Apr 28, 2025 8:22:31 AM java.util.prefs.FileSystemPreferences checkLockFile0ErrorCode
2025-04-28 08:22:31,680 [ERROR] LogOutputStream:75 - [STDERR_REDIRECT] WARNING: Could not lock System prefs. Unix error code 2.
2025-04-28 08:22:31,680 [ERROR] LogOutputStream:75 - [STDERR_REDIRECT] 
2025-04-28 08:22:31,680 [ERROR] LogOutputStream:75 - [STDERR_REDIRECT] Apr 28, 2025 8:22:31 AM java.util.prefs.FileSystemPreferences syncWorld
2025-04-28 08:22:31,681 [ERROR] LogOutputStream:75 - [STDERR_REDIRECT] WARNING: Couldn't flush system prefs: java.util.prefs.BackingStoreException: Couldn't get file lock.
2025-04-28 08:22:31,681 [ERROR] LogOutputStream:75 - [STDERR_REDIRECT] 
2025-04-28 08:23:01,679 [ERROR] LogOutputStream:75 - [STDERR_REDIRECT] Apr 28, 2025 8:23:01 AM java.util.prefs.FileSystemPreferences checkLockFile0ErrorCode
2025-04-28 08:23:01,680 [ERROR] LogOutputStream:75 - [STDERR_REDIRECT] WARNING: Could not lock System prefs. Unix error code 2.
2025-04-28 08:23:01,680 [ERROR] LogOutputStream:75 - [STDERR_REDIRECT] 
2025-04-28 08:23:01,680 [ERROR] LogOutputStream:75 - [STDERR_REDIRECT] Apr 28, 2025 8:23:01 AM java.util.prefs.FileSystemPreferences syncWorld
2025-04-28 08:23:01,680 [ERROR] LogOutputStream:75 - [STDERR_REDIRECT] WARNING: Couldn't flush system prefs: java.util.prefs.BackingStoreException: Couldn't get file lock.
2025-04-28 08:23:01,680 [ERROR] LogOutputStream:75 - [STDERR_REDIRECT] 
2025-04-28 08:23:31,680 [ERROR] LogOutputStream:75 - [STDERR_REDIRECT] Apr 28, 2025 8:23:31 AM java.util.prefs.FileSystemPreferences checkLockFile0ErrorCode
2025-04-28 08:23:31,681 [ERROR] LogOutputStream:75 - [STDERR_REDIRECT] WARNING: Could not lock System prefs. Unix error code 2.
2025-04-28 08:23:31,681 [ERROR] LogOutputStream:75 - [STDERR_REDIRECT] 
2025-04-28 08:23:31,681 [ERROR] LogOutputStream:75 - [STDERR_REDIRECT] Apr 28, 2025 8:23:31 AM java.util.prefs.FileSystemPreferences syncWorld
2025-04-28 08:23:31,681 [ERROR] LogOutputStream:75 - [STDERR_REDIRECT] WARNING: Couldn't flush system prefs: java.util.prefs.BackingStoreException: Couldn't get file lock.
2025-04-28 08:23:31,681 [ERROR] LogOutputStream:75 - [STDERR_REDIRECT] 
2025-04-28 08:24:01,680 [ERROR] LogOutputStream:75 - [STDERR_REDIRECT] Apr 28, 2025 8:24:01 AM java.util.prefs.FileSystemPreferences checkLockFile0ErrorCode
2025-04-28 08:24:01,680 [ERROR] LogOutputStream:75 - [STDERR_REDIRECT] WARNING: Could not lock System prefs. Unix error code 2.
2025-04-28 08:24:01,680 [ERROR] LogOutputStream:75 - [STDERR_REDIRECT] 
2025-04-28 08:24:01,681 [ERROR] LogOutputStream:75 - [STDERR_REDIRECT] Apr 28, 2025 8:24:01 AM java.util.prefs.FileSystemPreferences syncWorld
2025-04-28 08:24:01,681 [ERROR] LogOutputStream:75 - [STDERR_REDIRECT] WARNING: Couldn't flush system prefs: java.util.prefs.BackingStoreException: Couldn't get file lock.
2025-04-28 08:24:01,681 [ERROR] LogOutputStream:75 - [STDERR_REDIRECT] 
2025-04-28 08:24:31,680 [ERROR] LogOutputStream:75 - [STDERR_REDIRECT] Apr 28, 2025 8:24:31 AM java.util.prefs.FileSystemPreferences checkLockFile0ErrorCode
2025-04-28 08:24:31,680 [ERROR] LogOutputStream:75 - [STDERR_REDIRECT] WARNING: Could not lock System prefs. Unix error code 2.
2025-04-28 08:24:31,680 [ERROR] LogOutputStream:75 - [STDERR_REDIRECT] 
2025-04-28 08:24:31,681 [ERROR] LogOutputStream:75 - [STDERR_REDIRECT] Apr 28, 2025 8:24:31 AM java.util.prefs.FileSystemPreferences syncWorld
2025-04-28 08:24:31,681 [ERROR] LogOutputStream:75 - [STDERR_REDIRECT] WARNING: Couldn't flush system prefs: java.util.prefs.BackingStoreException: Couldn't get file lock.
2025-04-28 08:24:31,681 [ERROR] LogOutputStream:75 - [STDERR_REDIRECT] 
2025-04-28 08:25:01,679 [ERROR] LogOutputStream:75 - [STDERR_REDIRECT] Apr 28, 2025 8:25:01 AM java.util.prefs.FileSystemPreferences checkLockFile0ErrorCode
2025-04-28 08:25:01,680 [ERROR] LogOutputStream:75 - [STDERR_REDIRECT] WARNING: Could not lock System prefs. Unix error code 2.
2025-04-28 08:25:01,680 [ERROR] LogOutputStream:75 - [STDERR_REDIRECT] 
2025-04-28 08:25:01,680 [ERROR] LogOutputStream:75 - [STDERR_REDIRECT] Apr 28, 2025 8:25:01 AM java.util.prefs.FileSystemPreferences syncWorld
2025-04-28 08:25:01,680 [ERROR] LogOutputStream:75 - [STDERR_REDIRECT] WARNING: Couldn't flush system prefs: java.util.prefs.BackingStoreException: Couldn't get file lock.
2025-04-28 08:25:01,680 [ERROR] LogOutputStream:75 - [STDERR_REDIRECT] 
2025-04-28 08:25:31,680 [ERROR] LogOutputStream:75 - [STDERR_REDIRECT] Apr 28, 2025 8:25:31 AM java.util.prefs.FileSystemPreferences checkLockFile0ErrorCode
2025-04-28 08:25:31,680 [ERROR] LogOutputStream:75 - [STDERR_REDIRECT] WARNING: Could not lock System prefs. Unix error code 2.
2025-04-28 08:25:31,680 [ERROR] LogOutputStream:75 - [STDERR_REDIRECT] 
2025-04-28 08:25:31,681 [ERROR] LogOutputStream:75 - [STDERR_REDIRECT] Apr 28, 2025 8:25:31 AM java.util.prefs.FileSystemPreferences syncWorld
2025-04-28 08:25:31,681 [ERROR] LogOutputStream:75 - [STDERR_REDIRECT] WARNING: Couldn't flush system prefs: java.util.prefs.BackingStoreException: Couldn't get file lock.
2025-04-28 08:25:31,681 [ERROR] LogOutputStream:75 - [STDERR_REDIRECT] 
2025-04-28 08:26:01,679 [ERROR] LogOutputStream:75 - [STDERR_REDIRECT] Apr 28, 2025 8:26:01 AM java.util.prefs.FileSystemPreferences checkLockFile0ErrorCode
2025-04-28 08:26:01,680 [ERROR] LogOutputStream:75 - [STDERR_REDIRECT] WARNING: Could not lock System prefs. Unix error code 2.
2025-04-28 08:26:01,680 [ERROR] LogOutputStream:75 - [STDERR_REDIRECT] 
2025-04-28 08:26:01,680 [ERROR] LogOutputStream:75 - [STDERR_REDIRECT] Apr 28, 2025 8:26:01 AM java.util.prefs.FileSystemPreferences syncWorld
2025-04-28 08:26:01,680 [ERROR] LogOutputStream:75 - [STDERR_REDIRECT] WARNING: Couldn't flush system prefs: java.util.prefs.BackingStoreException: Couldn't get file lock.
2025-04-28 08:26:01,680 [ERROR] LogOutputStream:75 - [STDERR_REDIRECT] 
2025-04-28 08:26:31,680 [ERROR] LogOutputStream:75 - [STDERR_REDIRECT] Apr 28, 2025 8:26:31 AM java.util.prefs.FileSystemPreferences checkLockFile0ErrorCode
2025-04-28 08:26:31,681 [ERROR] LogOutputStream:75 - [STDERR_REDIRECT] WARNING: Could not lock System prefs. Unix error code 2.
2025-04-28 08:26:31,681 [ERROR] LogOutputStream:75 - [STDERR_REDIRECT] 
2025-04-28 08:26:31,681 [ERROR] LogOutputStream:75 - [STDERR_REDIRECT] Apr 28, 2025 8:26:31 AM java.util.prefs.FileSystemPreferences syncWorld
2025-04-28 08:26:31,681 [ERROR] LogOutputStream:75 - [STDERR_REDIRECT] WARNING: Couldn't flush system prefs: java.util.prefs.BackingStoreException: Couldn't get file lock.
2025-04-28 08:26:31,682 [ERROR] LogOutputStream:75 - [STDERR_REDIRECT] 
2025-04-28 08:27:01,679 [ERROR] LogOutputStream:75 - [STDERR_REDIRECT] Apr 28, 2025 8:27:01 AM java.util.prefs.FileSystemPreferences checkLockFile0ErrorCode
2025-04-28 08:27:01,679 [ERROR] LogOutputStream:75 - [STDERR_REDIRECT] WARNING: Could not lock System prefs. Unix error code 2.
2025-04-28 08:27:01,680 [ERROR] LogOutputStream:75 - [STDERR_REDIRECT] 
2025-04-28 08:27:01,680 [ERROR] LogOutputStream:75 - [STDERR_REDIRECT] Apr 28, 2025 8:27:01 AM java.util.prefs.FileSystemPreferences syncWorld
2025-04-28 08:27:01,680 [ERROR] LogOutputStream:75 - [STDERR_REDIRECT] WARNING: Couldn't flush system prefs: java.util.prefs.BackingStoreException: Couldn't get file lock.
2025-04-28 08:27:01,680 [ERROR] LogOutputStream:75 - [STDERR_REDIRECT] 
2025-04-28 08:27:31,679 [ERROR] LogOutputStream:75 - [STDERR_REDIRECT] Apr 28, 2025 8:27:31 AM java.util.prefs.FileSystemPreferences checkLockFile0ErrorCode
2025-04-28 08:27:31,680 [ERROR] LogOutputStream:75 - [STDERR_REDIRECT] WARNING: Could not lock System prefs. Unix error code 2.
2025-04-28 08:27:31,680 [ERROR] LogOutputStream:75 - [STDERR_REDIRECT] 
2025-04-28 08:27:31,680 [ERROR] LogOutputStream:75 - [STDERR_REDIRECT] Apr 28, 2025 8:27:31 AM java.util.prefs.FileSystemPreferences syncWorld
2025-04-28 08:27:31,680 [ERROR] LogOutputStream:75 - [STDERR_REDIRECT] WARNING: Couldn't flush system prefs: java.util.prefs.BackingStoreException: Couldn't get file lock.
2025-04-28 08:27:31,680 [ERROR] LogOutputStream:75 - [STDERR_REDIRECT] 
2025-04-28 08:28:01,680 [ERROR] LogOutputStream:75 - [STDERR_REDIRECT] Apr 28, 2025 8:28:01 AM java.util.prefs.FileSystemPreferences checkLockFile0ErrorCode
2025-04-28 08:28:01,680 [ERROR] LogOutputStream:75 - [STDERR_REDIRECT] WARNING: Could not lock System prefs. Unix error code 2.
2025-04-28 08:28:01,680 [ERROR] LogOutputStream:75 - [STDERR_REDIRECT] 
2025-04-28 08:28:01,680 [ERROR] LogOutputStream:75 - [STDERR_REDIRECT] Apr 28, 2025 8:28:01 AM java.util.prefs.FileSystemPreferences syncWorld
2025-04-28 08:28:01,680 [ERROR] LogOutputStream:75 - [STDERR_REDIRECT] WARNING: Couldn't flush system prefs: java.util.prefs.BackingStoreException: Couldn't get file lock.
2025-04-28 08:28:01,680 [ERROR] LogOutputStream:75 - [STDERR_REDIRECT] 
