09:03:33 **** Incremental Build of configuration Debug for project TP_FreeRTOS_CROCE_MONNIER ****
make -j12 all 
arm-none-eabi-gcc "../Core/Src/main.c" -mcpu=cortex-m7 -std=gnu11 -g3 -DDEBUG -DUSE_HAL_DRIVER -DSTM32F746xx -c -I../Core/Inc -I../Drivers/STM32F7xx_HAL_Driver/Inc -I../Drivers/STM32F7xx_HAL_Driver/Inc/Legacy -I../Drivers/CMSIS/Device/ST/STM32F7xx/Include -I../Drivers/CMSIS/Include -I../Middlewares/Third_Party/FreeRTOS/Source/include -I../Middlewares/Third_Party/FreeRTOS/Source/CMSIS_RTOS -I../Middlewares/Third_Party/FreeRTOS/Source/portable/GCC/ARM_CM7/r0p1 -O0 -ffunction-sections -fdata-sections -Wall -fstack-usage -fcyclomatic-complexity -MMD -MP -MF"Core/Src/main.d" -MT"Core/Src/main.o" --specs=nano.specs -mfpu=fpv5-sp-d16 -mfloat-abi=hard -mthumb -o "Core/Src/main.o"
../Core/Src/main.c: In function 'main':
../Core/Src/main.c:138:20: warning: variable 'xReturned' set but not used [-Wunused-but-set-variable]
  138 |         BaseType_t xReturned;
      |                    ^~~~~~~~~
arm-none-eabi-gcc -o "TP_FreeRTOS_CROCE_MONNIER.elf" @"objects.list"   -mcpu=cortex-m7 -T"/home/lcroce/Documents/Dev_Soft/TP_FreeRTOS_CROCE_MONNIER/TP_FreeRTOS_CROCE_MONNIER/STM32F746NGHX_FLASH.ld" --specs=nosys.specs -Wl,-Map="TP_FreeRTOS_CROCE_MONNIER.map" -Wl,--gc-sections -static --specs=nano.specs -mfpu=fpv5-sp-d16 -mfloat-abi=hard -mthumb -Wl,--start-group -lc -lm -Wl,--end-group
Finished building target: TP_FreeRTOS_CROCE_MONNIER.elf
 
arm-none-eabi-size  TP_FreeRTOS_CROCE_MONNIER.elf 
arm-none-eabi-objdump -h -S TP_FreeRTOS_CROCE_MONNIER.elf  > "TP_FreeRTOS_CROCE_MONNIER.list"
   text	   data	    bss	    dec	    hex	filename
  26208	    108	  18340	  44656	   ae70	TP_FreeRTOS_CROCE_MONNIER.elf
Finished building: default.size.stdout
 
Finished building: TP_FreeRTOS_CROCE_MONNIER.list
 
09:03:36 **** Incremental Build of configuration Debug for project TP_FreeRTOS_CROCE_MONNIER ****
make -j12 all 
arm-none-eabi-size  TP_FreeRTOS_CROCE_MONNIER.elf 
   text	   data	    bss	    dec	    hex	filename
  26208	    108	  18340	  44656	   ae70	TP_FreeRTOS_CROCE_MONNIER.elf
Finished building: default.size.stdout
 
09:04:41 **** Incremental Build of configuration Debug for project TP_FreeRTOS_CROCE_MONNIER ****
make -j12 all 
arm-none-eabi-gcc "../Core/Src/main.c" -mcpu=cortex-m7 -std=gnu11 -g3 -DDEBUG -DUSE_HAL_DRIVER -DSTM32F746xx -c -I../Core/Inc -I../Drivers/STM32F7xx_HAL_Driver/Inc -I../Drivers/STM32F7xx_HAL_Driver/Inc/Legacy -I../Drivers/CMSIS/Device/ST/STM32F7xx/Include -I../Drivers/CMSIS/Include -I../Middlewares/Third_Party/FreeRTOS/Source/include -I../Middlewares/Third_Party/FreeRTOS/Source/CMSIS_RTOS -I../Middlewares/Third_Party/FreeRTOS/Source/portable/GCC/ARM_CM7/r0p1 -O0 -ffunction-sections -fdata-sections -Wall -fstack-usage -fcyclomatic-complexity -MMD -MP -MF"Core/Src/main.d" -MT"Core/Src/main.o" --specs=nano.specs -mfpu=fpv5-sp-d16 -mfloat-abi=hard -mthumb -o "Core/Src/main.o"
../Core/Src/main.c: In function 'main':
../Core/Src/main.c:139:20: warning: variable 'xReturned' set but not used [-Wunused-but-set-variable]
  139 |         BaseType_t xReturned;
      |                    ^~~~~~~~~
arm-none-eabi-gcc -o "TP_FreeRTOS_CROCE_MONNIER.elf" @"objects.list"   -mcpu=cortex-m7 -T"/home/lcroce/Documents/Dev_Soft/TP_FreeRTOS_CROCE_MONNIER/TP_FreeRTOS_CROCE_MONNIER/STM32F746NGHX_FLASH.ld" --specs=nosys.specs -Wl,-Map="TP_FreeRTOS_CROCE_MONNIER.map" -Wl,--gc-sections -static --specs=nano.specs -mfpu=fpv5-sp-d16 -mfloat-abi=hard -mthumb -Wl,--start-group -lc -lm -Wl,--end-group
Finished building target: TP_FreeRTOS_CROCE_MONNIER.elf
 
arm-none-eabi-size  TP_FreeRTOS_CROCE_MONNIER.elf 
arm-none-eabi-objdump -h -S TP_FreeRTOS_CROCE_MONNIER.elf  > "TP_FreeRTOS_CROCE_MONNIER.list"
   text	   data	    bss	    dec	    hex	filename
  26260	    108	  18340	  44708	   aea4	TP_FreeRTOS_CROCE_MONNIER.elf
Finished building: default.size.stdout
 
Finished building: TP_FreeRTOS_CROCE_MONNIER.list
 
09:06:57 **** Incremental Build of configuration Debug for project TP_FreeRTOS_CROCE_MONNIER ****
make -j12 all 
arm-none-eabi-gcc "../Core/Src/main.c" -mcpu=cortex-m7 -std=gnu11 -g3 -DDEBUG -DUSE_HAL_DRIVER -DSTM32F746xx -c -I../Core/Inc -I../Drivers/STM32F7xx_HAL_Driver/Inc -I../Drivers/STM32F7xx_HAL_Driver/Inc/Legacy -I../Drivers/CMSIS/Device/ST/STM32F7xx/Include -I../Drivers/CMSIS/Include -I../Middlewares/Third_Party/FreeRTOS/Source/include -I../Middlewares/Third_Party/FreeRTOS/Source/CMSIS_RTOS -I../Middlewares/Third_Party/FreeRTOS/Source/portable/GCC/ARM_CM7/r0p1 -O0 -ffunction-sections -fdata-sections -Wall -fstack-usage -fcyclomatic-complexity -MMD -MP -MF"Core/Src/main.d" -MT"Core/Src/main.o" --specs=nano.specs -mfpu=fpv5-sp-d16 -mfloat-abi=hard -mthumb -o "Core/Src/main.o"
../Core/Src/main.c: In function 'main':
../Core/Src/main.c:139:20: warning: variable 'xReturned' set but not used [-Wunused-but-set-variable]
  139 |         BaseType_t xReturned;
      |                    ^~~~~~~~~
arm-none-eabi-gcc -o "TP_FreeRTOS_CROCE_MONNIER.elf" @"objects.list"   -mcpu=cortex-m7 -T"/home/lcroce/Documents/Dev_Soft/TP_FreeRTOS_CROCE_MONNIER/TP_FreeRTOS_CROCE_MONNIER/STM32F746NGHX_FLASH.ld" --specs=nosys.specs -Wl,-Map="TP_FreeRTOS_CROCE_MONNIER.map" -Wl,--gc-sections -static --specs=nano.specs -mfpu=fpv5-sp-d16 -mfloat-abi=hard -mthumb -Wl,--start-group -lc -lm -Wl,--end-group
Finished building target: TP_FreeRTOS_CROCE_MONNIER.elf
 
arm-none-eabi-size  TP_FreeRTOS_CROCE_MONNIER.elf 
arm-none-eabi-objdump -h -S TP_FreeRTOS_CROCE_MONNIER.elf  > "TP_FreeRTOS_CROCE_MONNIER.list"
   text	   data	    bss	    dec	    hex	filename
  26260	    108	  18340	  44708	   aea4	TP_FreeRTOS_CROCE_MONNIER.elf
Finished building: default.size.stdout
 
Finished building: TP_FreeRTOS_CROCE_MONNIER.list
 
09:07:36 **** Incremental Build of configuration Debug for project TP_FreeRTOS_CROCE_MONNIER ****
make -j12 all 
arm-none-eabi-gcc "../Core/Src/main.c" -mcpu=cortex-m7 -std=gnu11 -g3 -DDEBUG -DUSE_HAL_DRIVER -DSTM32F746xx -c -I../Core/Inc -I../Drivers/STM32F7xx_HAL_Driver/Inc -I../Drivers/STM32F7xx_HAL_Driver/Inc/Legacy -I../Drivers/CMSIS/Device/ST/STM32F7xx/Include -I../Drivers/CMSIS/Include -I../Middlewares/Third_Party/FreeRTOS/Source/include -I../Middlewares/Third_Party/FreeRTOS/Source/CMSIS_RTOS -I../Middlewares/Third_Party/FreeRTOS/Source/portable/GCC/ARM_CM7/r0p1 -O0 -ffunction-sections -fdata-sections -Wall -fstack-usage -fcyclomatic-complexity -MMD -MP -MF"Core/Src/main.d" -MT"Core/Src/main.o" --specs=nano.specs -mfpu=fpv5-sp-d16 -mfloat-abi=hard -mthumb -o "Core/Src/main.o"
../Core/Src/main.c: In function 'main':
../Core/Src/main.c:139:20: warning: variable 'xReturned' set but not used [-Wunused-but-set-variable]
  139 |         BaseType_t xReturned;
      |                    ^~~~~~~~~
arm-none-eabi-gcc -o "TP_FreeRTOS_CROCE_MONNIER.elf" @"objects.list"   -mcpu=cortex-m7 -T"/home/lcroce/Documents/Dev_Soft/TP_FreeRTOS_CROCE_MONNIER/TP_FreeRTOS_CROCE_MONNIER/STM32F746NGHX_FLASH.ld" --specs=nosys.specs -Wl,-Map="TP_FreeRTOS_CROCE_MONNIER.map" -Wl,--gc-sections -static --specs=nano.specs -mfpu=fpv5-sp-d16 -mfloat-abi=hard -mthumb -Wl,--start-group -lc -lm -Wl,--end-group
Finished building target: TP_FreeRTOS_CROCE_MONNIER.elf
 
arm-none-eabi-size  TP_FreeRTOS_CROCE_MONNIER.elf 
arm-none-eabi-objdump -h -S TP_FreeRTOS_CROCE_MONNIER.elf  > "TP_FreeRTOS_CROCE_MONNIER.list"
   text	   data	    bss	    dec	    hex	filename
  26260	    108	  18340	  44708	   aea4	TP_FreeRTOS_CROCE_MONNIER.elf
Finished building: default.size.stdout
 
Finished building: TP_FreeRTOS_CROCE_MONNIER.list
 
09:10:03 **** Incremental Build of configuration Debug for project TP_FreeRTOS_CROCE_MONNIER ****
make -j12 all 
arm-none-eabi-gcc "../Core/Src/main.c" -mcpu=cortex-m7 -std=gnu11 -g3 -DDEBUG -DUSE_HAL_DRIVER -DSTM32F746xx -c -I../Core/Inc -I../Drivers/STM32F7xx_HAL_Driver/Inc -I../Drivers/STM32F7xx_HAL_Driver/Inc/Legacy -I../Drivers/CMSIS/Device/ST/STM32F7xx/Include -I../Drivers/CMSIS/Include -I../Middlewares/Third_Party/FreeRTOS/Source/include -I../Middlewares/Third_Party/FreeRTOS/Source/CMSIS_RTOS -I../Middlewares/Third_Party/FreeRTOS/Source/portable/GCC/ARM_CM7/r0p1 -O0 -ffunction-sections -fdata-sections -Wall -fstack-usage -fcyclomatic-complexity -MMD -MP -MF"Core/Src/main.d" -MT"Core/Src/main.o" --specs=nano.specs -mfpu=fpv5-sp-d16 -mfloat-abi=hard -mthumb -o "Core/Src/main.o"
../Core/Src/main.c: In function 'main':
../Core/Src/main.c:139:20: warning: variable 'xReturned' set but not used [-Wunused-but-set-variable]
  139 |         BaseType_t xReturned;
      |                    ^~~~~~~~~
arm-none-eabi-gcc -o "TP_FreeRTOS_CROCE_MONNIER.elf" @"objects.list"   -mcpu=cortex-m7 -T"/home/lcroce/Documents/Dev_Soft/TP_FreeRTOS_CROCE_MONNIER/TP_FreeRTOS_CROCE_MONNIER/STM32F746NGHX_FLASH.ld" --specs=nosys.specs -Wl,-Map="TP_FreeRTOS_CROCE_MONNIER.map" -Wl,--gc-sections -static --specs=nano.specs -mfpu=fpv5-sp-d16 -mfloat-abi=hard -mthumb -Wl,--start-group -lc -lm -Wl,--end-group
Finished building target: TP_FreeRTOS_CROCE_MONNIER.elf
 
arm-none-eabi-size  TP_FreeRTOS_CROCE_MONNIER.elf 
arm-none-eabi-objdump -h -S TP_FreeRTOS_CROCE_MONNIER.elf  > "TP_FreeRTOS_CROCE_MONNIER.list"
   text	   data	    bss	    dec	    hex	filename
  26260	    108	  18340	  44708	   aea4	TP_FreeRTOS_CROCE_MONNIER.elf
Finished building: default.size.stdout
 
Finished building: TP_FreeRTOS_CROCE_MONNIER.list
 
09:10:46 **** Incremental Build of configuration Debug for project TP_FreeRTOS_CROCE_MONNIER ****
make -j12 all 
arm-none-eabi-gcc "../Core/Src/main.c" -mcpu=cortex-m7 -std=gnu11 -g3 -DDEBUG -DUSE_HAL_DRIVER -DSTM32F746xx -c -I../Core/Inc -I../Drivers/STM32F7xx_HAL_Driver/Inc -I../Drivers/STM32F7xx_HAL_Driver/Inc/Legacy -I../Drivers/CMSIS/Device/ST/STM32F7xx/Include -I../Drivers/CMSIS/Include -I../Middlewares/Third_Party/FreeRTOS/Source/include -I../Middlewares/Third_Party/FreeRTOS/Source/CMSIS_RTOS -I../Middlewares/Third_Party/FreeRTOS/Source/portable/GCC/ARM_CM7/r0p1 -O0 -ffunction-sections -fdata-sections -Wall -fstack-usage -fcyclomatic-complexity -MMD -MP -MF"Core/Src/main.d" -MT"Core/Src/main.o" --specs=nano.specs -mfpu=fpv5-sp-d16 -mfloat-abi=hard -mthumb -o "Core/Src/main.o"
../Core/Src/main.c: In function 'main':
../Core/Src/main.c:139:20: warning: variable 'xReturned' set but not used [-Wunused-but-set-variable]
  139 |         BaseType_t xReturned;
      |                    ^~~~~~~~~
arm-none-eabi-gcc -o "TP_FreeRTOS_CROCE_MONNIER.elf" @"objects.list"   -mcpu=cortex-m7 -T"/home/lcroce/Documents/Dev_Soft/TP_FreeRTOS_CROCE_MONNIER/TP_FreeRTOS_CROCE_MONNIER/STM32F746NGHX_FLASH.ld" --specs=nosys.specs -Wl,-Map="TP_FreeRTOS_CROCE_MONNIER.map" -Wl,--gc-sections -static --specs=nano.specs -mfpu=fpv5-sp-d16 -mfloat-abi=hard -mthumb -Wl,--start-group -lc -lm -Wl,--end-group
Finished building target: TP_FreeRTOS_CROCE_MONNIER.elf
 
arm-none-eabi-size  TP_FreeRTOS_CROCE_MONNIER.elf 
arm-none-eabi-objdump -h -S TP_FreeRTOS_CROCE_MONNIER.elf  > "TP_FreeRTOS_CROCE_MONNIER.list"
   text	   data	    bss	    dec	    hex	filename
  26260	    108	  18340	  44708	   aea4	TP_FreeRTOS_CROCE_MONNIER.elf
Finished building: default.size.stdout
 
Finished building: TP_FreeRTOS_CROCE_MONNIER.list
 
09:12:20 **** Incremental Build of configuration Debug for project TP_FreeRTOS_CROCE_MONNIER ****
make -j12 all 
arm-none-eabi-gcc "../Core/Src/main.c" -mcpu=cortex-m7 -std=gnu11 -g3 -DDEBUG -DUSE_HAL_DRIVER -DSTM32F746xx -c -I../Core/Inc -I../Drivers/STM32F7xx_HAL_Driver/Inc -I../Drivers/STM32F7xx_HAL_Driver/Inc/Legacy -I../Drivers/CMSIS/Device/ST/STM32F7xx/Include -I../Drivers/CMSIS/Include -I../Middlewares/Third_Party/FreeRTOS/Source/include -I../Middlewares/Third_Party/FreeRTOS/Source/CMSIS_RTOS -I../Middlewares/Third_Party/FreeRTOS/Source/portable/GCC/ARM_CM7/r0p1 -O0 -ffunction-sections -fdata-sections -Wall -fstack-usage -fcyclomatic-complexity -MMD -MP -MF"Core/Src/main.d" -MT"Core/Src/main.o" --specs=nano.specs -mfpu=fpv5-sp-d16 -mfloat-abi=hard -mthumb -o "Core/Src/main.o"
../Core/Src/main.c: In function 'main':
../Core/Src/main.c:138:20: warning: variable 'xReturned' set but not used [-Wunused-but-set-variable]
  138 |         BaseType_t xReturned;
      |                    ^~~~~~~~~
arm-none-eabi-gcc -o "TP_FreeRTOS_CROCE_MONNIER.elf" @"objects.list"   -mcpu=cortex-m7 -T"/home/lcroce/Documents/Dev_Soft/TP_FreeRTOS_CROCE_MONNIER/TP_FreeRTOS_CROCE_MONNIER/STM32F746NGHX_FLASH.ld" --specs=nosys.specs -Wl,-Map="TP_FreeRTOS_CROCE_MONNIER.map" -Wl,--gc-sections -static --specs=nano.specs -mfpu=fpv5-sp-d16 -mfloat-abi=hard -mthumb -Wl,--start-group -lc -lm -Wl,--end-group
Finished building target: TP_FreeRTOS_CROCE_MONNIER.elf
 
arm-none-eabi-size  TP_FreeRTOS_CROCE_MONNIER.elf 
arm-none-eabi-objdump -h -S TP_FreeRTOS_CROCE_MONNIER.elf  > "TP_FreeRTOS_CROCE_MONNIER.list"
   text	   data	    bss	    dec	    hex	filename
  26236	    108	  18340	  44684	   ae8c	TP_FreeRTOS_CROCE_MONNIER.elf
Finished building: default.size.stdout
 
Finished building: TP_FreeRTOS_CROCE_MONNIER.list
 
09:13:08 **** Incremental Build of configuration Debug for project TP_FreeRTOS_CROCE_MONNIER ****
make -j12 all 
arm-none-eabi-gcc "../Core/Src/main.c" -mcpu=cortex-m7 -std=gnu11 -g3 -DDEBUG -DUSE_HAL_DRIVER -DSTM32F746xx -c -I../Core/Inc -I../Drivers/STM32F7xx_HAL_Driver/Inc -I../Drivers/STM32F7xx_HAL_Driver/Inc/Legacy -I../Drivers/CMSIS/Device/ST/STM32F7xx/Include -I../Drivers/CMSIS/Include -I../Middlewares/Third_Party/FreeRTOS/Source/include -I../Middlewares/Third_Party/FreeRTOS/Source/CMSIS_RTOS -I../Middlewares/Third_Party/FreeRTOS/Source/portable/GCC/ARM_CM7/r0p1 -O0 -ffunction-sections -fdata-sections -Wall -fstack-usage -fcyclomatic-complexity -MMD -MP -MF"Core/Src/main.d" -MT"Core/Src/main.o" --specs=nano.specs -mfpu=fpv5-sp-d16 -mfloat-abi=hard -mthumb -o "Core/Src/main.o"
../Core/Src/main.c: In function 'main':
../Core/Src/main.c:138:20: warning: variable 'xReturned' set but not used [-Wunused-but-set-variable]
  138 |         BaseType_t xReturned;
      |                    ^~~~~~~~~
arm-none-eabi-gcc -o "TP_FreeRTOS_CROCE_MONNIER.elf" @"objects.list"   -mcpu=cortex-m7 -T"/home/lcroce/Documents/Dev_Soft/TP_FreeRTOS_CROCE_MONNIER/TP_FreeRTOS_CROCE_MONNIER/STM32F746NGHX_FLASH.ld" --specs=nosys.specs -Wl,-Map="TP_FreeRTOS_CROCE_MONNIER.map" -Wl,--gc-sections -static --specs=nano.specs -mfpu=fpv5-sp-d16 -mfloat-abi=hard -mthumb -Wl,--start-group -lc -lm -Wl,--end-group
Finished building target: TP_FreeRTOS_CROCE_MONNIER.elf
 
arm-none-eabi-size  TP_FreeRTOS_CROCE_MONNIER.elf 
arm-none-eabi-objdump -h -S TP_FreeRTOS_CROCE_MONNIER.elf  > "TP_FreeRTOS_CROCE_MONNIER.list"
   text	   data	    bss	    dec	    hex	filename
  26236	    108	  18340	  44684	   ae8c	TP_FreeRTOS_CROCE_MONNIER.elf
Finished building: default.size.stdout
 
Finished building: TP_FreeRTOS_CROCE_MONNIER.list
 
09:15:59 **** Incremental Build of configuration Debug for project TP_FreeRTOS_CROCE_MONNIER ****
make -j12 all 
arm-none-eabi-gcc "../Core/Src/main.c" -mcpu=cortex-m7 -std=gnu11 -g3 -DDEBUG -DUSE_HAL_DRIVER -DSTM32F746xx -c -I../Core/Inc -I../Drivers/STM32F7xx_HAL_Driver/Inc -I../Drivers/STM32F7xx_HAL_Driver/Inc/Legacy -I../Drivers/CMSIS/Device/ST/STM32F7xx/Include -I../Drivers/CMSIS/Include -I../Middlewares/Third_Party/FreeRTOS/Source/include -I../Middlewares/Third_Party/FreeRTOS/Source/CMSIS_RTOS -I../Middlewares/Third_Party/FreeRTOS/Source/portable/GCC/ARM_CM7/r0p1 -O0 -ffunction-sections -fdata-sections -Wall -fstack-usage -fcyclomatic-complexity -MMD -MP -MF"Core/Src/main.d" -MT"Core/Src/main.o" --specs=nano.specs -mfpu=fpv5-sp-d16 -mfloat-abi=hard -mthumb -o "Core/Src/main.o"
../Core/Src/main.c: In function 'Code1':
../Core/Src/main.c:90:39: warning: format '%d' expects a matching 'int' argument [-Wformat=]
   90 |                 printf("size before: %d\r\n");
      |                                      ~^
      |                                       |
      |                                       int
../Core/Src/main.c: In function 'Code2':
../Core/Src/main.c:107:13: warning: unused variable 'val_to_process' [-Wunused-variable]
  107 |         int val_to_process;
      |             ^~~~~~~~~~~~~~
../Core/Src/main.c: In function 'main':
../Core/Src/main.c:142:20: warning: variable 'xReturned' set but not used [-Wunused-but-set-variable]
  142 |         BaseType_t xReturned;
      |                    ^~~~~~~~~
arm-none-eabi-gcc -o "TP_FreeRTOS_CROCE_MONNIER.elf" @"objects.list"   -mcpu=cortex-m7 -T"/home/lcroce/Documents/Dev_Soft/TP_FreeRTOS_CROCE_MONNIER/TP_FreeRTOS_CROCE_MONNIER/STM32F746NGHX_FLASH.ld" --specs=nosys.specs -Wl,-Map="TP_FreeRTOS_CROCE_MONNIER.map" -Wl,--gc-sections -static --specs=nano.specs -mfpu=fpv5-sp-d16 -mfloat-abi=hard -mthumb -Wl,--start-group -lc -lm -Wl,--end-group
Finished building target: TP_FreeRTOS_CROCE_MONNIER.elf
 
arm-none-eabi-size  TP_FreeRTOS_CROCE_MONNIER.elf 
arm-none-eabi-objdump -h -S TP_FreeRTOS_CROCE_MONNIER.elf  > "TP_FreeRTOS_CROCE_MONNIER.list"
   text	   data	    bss	    dec	    hex	filename
  25816	    108	  18340	  44264	   ace8	TP_FreeRTOS_CROCE_MONNIER.elf
Finished building: default.size.stdout
 
Finished building: TP_FreeRTOS_CROCE_MONNIER.list
 
09:17:10 **** Incremental Build of configuration Debug for project TP_FreeRTOS_CROCE_MONNIER ****
make -j12 all 
arm-none-eabi-gcc "../Core/Src/main.c" -mcpu=cortex-m7 -std=gnu11 -g3 -DDEBUG -DUSE_HAL_DRIVER -DSTM32F746xx -c -I../Core/Inc -I../Drivers/STM32F7xx_HAL_Driver/Inc -I../Drivers/STM32F7xx_HAL_Driver/Inc/Legacy -I../Drivers/CMSIS/Device/ST/STM32F7xx/Include -I../Drivers/CMSIS/Include -I../Middlewares/Third_Party/FreeRTOS/Source/include -I../Middlewares/Third_Party/FreeRTOS/Source/CMSIS_RTOS -I../Middlewares/Third_Party/FreeRTOS/Source/portable/GCC/ARM_CM7/r0p1 -O0 -ffunction-sections -fdata-sections -Wall -fstack-usage -fcyclomatic-complexity -MMD -MP -MF"Core/Src/main.d" -MT"Core/Src/main.o" --specs=nano.specs -mfpu=fpv5-sp-d16 -mfloat-abi=hard -mthumb -o "Core/Src/main.o"
../Core/Src/main.c: In function 'Code1':
../Core/Src/main.c:90:39: warning: format '%d' expects a matching 'int' argument [-Wformat=]
   90 |                 printf("size before: %d\r\n");
      |                                      ~^
      |                                       |
      |                                       int
../Core/Src/main.c: In function 'Code2':
../Core/Src/main.c:113:28: error: 'duree' undeclared (first use in this function)
  113 |                 vTaskDelay(duree);
      |                            ^~~~~
../Core/Src/main.c:113:28: note: each undeclared identifier is reported only once for each function it appears in
../Core/Src/main.c:107:13: warning: unused variable 'val_to_process' [-Wunused-variable]
  107 |         int val_to_process;
      |             ^~~~~~~~~~~~~~
../Core/Src/main.c: In function 'main':
../Core/Src/main.c:142:20: warning: variable 'xReturned' set but not used [-Wunused-but-set-variable]
  142 |         BaseType_t xReturned;
      |                    ^~~~~~~~~
make: *** [Core/Src/subdir.mk:43: Core/Src/main.o] Error 1
"make -j12 all" terminated with exit code 2. Build might be incomplete.
09:17:20 **** Incremental Build of configuration Debug for project TP_FreeRTOS_CROCE_MONNIER ****
make -j12 all 
arm-none-eabi-gcc "../Core/Src/main.c" -mcpu=cortex-m7 -std=gnu11 -g3 -DDEBUG -DUSE_HAL_DRIVER -DSTM32F746xx -c -I../Core/Inc -I../Drivers/STM32F7xx_HAL_Driver/Inc -I../Drivers/STM32F7xx_HAL_Driver/Inc/Legacy -I../Drivers/CMSIS/Device/ST/STM32F7xx/Include -I../Drivers/CMSIS/Include -I../Middlewares/Third_Party/FreeRTOS/Source/include -I../Middlewares/Third_Party/FreeRTOS/Source/CMSIS_RTOS -I../Middlewares/Third_Party/FreeRTOS/Source/portable/GCC/ARM_CM7/r0p1 -O0 -ffunction-sections -fdata-sections -Wall -fstack-usage -fcyclomatic-complexity -MMD -MP -MF"Core/Src/main.d" -MT"Core/Src/main.o" --specs=nano.specs -mfpu=fpv5-sp-d16 -mfloat-abi=hard -mthumb -o "Core/Src/main.o"
../Core/Src/main.c: In function 'Code1':
../Core/Src/main.c:90:39: warning: format '%d' expects a matching 'int' argument [-Wformat=]
   90 |                 printf("size before: %d\r\n");
      |                                      ~^
      |                                       |
      |                                       int
../Core/Src/main.c: In function 'Code2':
../Core/Src/main.c:107:13: warning: unused variable 'val_to_process' [-Wunused-variable]
  107 |         int val_to_process;
      |             ^~~~~~~~~~~~~~
../Core/Src/main.c: In function 'main':
../Core/Src/main.c:142:20: warning: variable 'xReturned' set but not used [-Wunused-but-set-variable]
  142 |         BaseType_t xReturned;
      |                    ^~~~~~~~~
arm-none-eabi-gcc -o "TP_FreeRTOS_CROCE_MONNIER.elf" @"objects.list"   -mcpu=cortex-m7 -T"/home/lcroce/Documents/Dev_Soft/TP_FreeRTOS_CROCE_MONNIER/TP_FreeRTOS_CROCE_MONNIER/STM32F746NGHX_FLASH.ld" --specs=nosys.specs -Wl,-Map="TP_FreeRTOS_CROCE_MONNIER.map" -Wl,--gc-sections -static --specs=nano.specs -mfpu=fpv5-sp-d16 -mfloat-abi=hard -mthumb -Wl,--start-group -lc -lm -Wl,--end-group
Finished building target: TP_FreeRTOS_CROCE_MONNIER.elf
 
arm-none-eabi-size  TP_FreeRTOS_CROCE_MONNIER.elf 
arm-none-eabi-objdump -h -S TP_FreeRTOS_CROCE_MONNIER.elf  > "TP_FreeRTOS_CROCE_MONNIER.list"
   text	   data	    bss	    dec	    hex	filename
  25832	    108	  18340	  44280	   acf8	TP_FreeRTOS_CROCE_MONNIER.elf
Finished building: default.size.stdout
 
Finished building: TP_FreeRTOS_CROCE_MONNIER.list
 
09:17:53 **** Incremental Build of configuration Debug for project TP_FreeRTOS_CROCE_MONNIER ****
make -j12 all 
arm-none-eabi-gcc "../Core/Src/main.c" -mcpu=cortex-m7 -std=gnu11 -g3 -DDEBUG -DUSE_HAL_DRIVER -DSTM32F746xx -c -I../Core/Inc -I../Drivers/STM32F7xx_HAL_Driver/Inc -I../Drivers/STM32F7xx_HAL_Driver/Inc/Legacy -I../Drivers/CMSIS/Device/ST/STM32F7xx/Include -I../Drivers/CMSIS/Include -I../Middlewares/Third_Party/FreeRTOS/Source/include -I../Middlewares/Third_Party/FreeRTOS/Source/CMSIS_RTOS -I../Middlewares/Third_Party/FreeRTOS/Source/portable/GCC/ARM_CM7/r0p1 -O0 -ffunction-sections -fdata-sections -Wall -fstack-usage -fcyclomatic-complexity -MMD -MP -MF"Core/Src/main.d" -MT"Core/Src/main.o" --specs=nano.specs -mfpu=fpv5-sp-d16 -mfloat-abi=hard -mthumb -o "Core/Src/main.o"
../Core/Src/main.c: In function 'Code2':
../Core/Src/main.c:106:13: warning: unused variable 'val_to_process' [-Wunused-variable]
  106 |         int val_to_process;
      |             ^~~~~~~~~~~~~~
../Core/Src/main.c: In function 'main':
../Core/Src/main.c:141:20: warning: variable 'xReturned' set but not used [-Wunused-but-set-variable]
  141 |         BaseType_t xReturned;
      |                    ^~~~~~~~~
arm-none-eabi-gcc -o "TP_FreeRTOS_CROCE_MONNIER.elf" @"objects.list"   -mcpu=cortex-m7 -T"/home/lcroce/Documents/Dev_Soft/TP_FreeRTOS_CROCE_MONNIER/TP_FreeRTOS_CROCE_MONNIER/STM32F746NGHX_FLASH.ld" --specs=nosys.specs -Wl,-Map="TP_FreeRTOS_CROCE_MONNIER.map" -Wl,--gc-sections -static --specs=nano.specs -mfpu=fpv5-sp-d16 -mfloat-abi=hard -mthumb -Wl,--start-group -lc -lm -Wl,--end-group
Finished building target: TP_FreeRTOS_CROCE_MONNIER.elf
 
arm-none-eabi-size  TP_FreeRTOS_CROCE_MONNIER.elf 
arm-none-eabi-objdump -h -S TP_FreeRTOS_CROCE_MONNIER.elf  > "TP_FreeRTOS_CROCE_MONNIER.list"
   text	   data	    bss	    dec	    hex	filename
  25796	    108	  18340	  44244	   acd4	TP_FreeRTOS_CROCE_MONNIER.elf
Finished building: default.size.stdout
 
Finished building: TP_FreeRTOS_CROCE_MONNIER.list
 
09:17:59 **** Incremental Build of configuration Debug for project TP_FreeRTOS_CROCE_MONNIER ****
make -j12 all 
arm-none-eabi-size  TP_FreeRTOS_CROCE_MONNIER.elf 
   text	   data	    bss	    dec	    hex	filename
  25796	    108	  18340	  44244	   acd4	TP_FreeRTOS_CROCE_MONNIER.elf
Finished building: default.size.stdout
 
09:20:02 **** Incremental Build of configuration Debug for project TP_FreeRTOS_CROCE_MONNIER ****
make -j12 all 
arm-none-eabi-gcc "../Core/Src/main.c" -mcpu=cortex-m7 -std=gnu11 -g3 -DDEBUG -DUSE_HAL_DRIVER -DSTM32F746xx -c -I../Core/Inc -I../Drivers/STM32F7xx_HAL_Driver/Inc -I../Drivers/STM32F7xx_HAL_Driver/Inc/Legacy -I../Drivers/CMSIS/Device/ST/STM32F7xx/Include -I../Drivers/CMSIS/Include -I../Middlewares/Third_Party/FreeRTOS/Source/include -I../Middlewares/Third_Party/FreeRTOS/Source/CMSIS_RTOS -I../Middlewares/Third_Party/FreeRTOS/Source/portable/GCC/ARM_CM7/r0p1 -O0 -ffunction-sections -fdata-sections -Wall -fstack-usage -fcyclomatic-complexity -MMD -MP -MF"Core/Src/main.d" -MT"Core/Src/main.o" --specs=nano.specs -mfpu=fpv5-sp-d16 -mfloat-abi=hard -mthumb -o "Core/Src/main.o"
../Core/Src/main.c: In function 'Code1':
../Core/Src/main.c:92:25: error: 'error_handler' undeclared (first use in this function); did you mean 'Error_Handler'?
   92 |                         error_handler;
      |                         ^~~~~~~~~~~~~
      |                         Error_Handler
../Core/Src/main.c:92:25: note: each undeclared identifier is reported only once for each function it appears in
../Core/Src/main.c: In function 'Code2':
../Core/Src/main.c:111:24: warning: left-hand operand of comma expression has no effect [-Wunused-value]
  111 |                 (q_TEST, (void *)&val_to_process,portMAX_DELAY);
      |                        ^
../Core/Src/main.c:111:49: warning: left-hand operand of comma expression has no effect [-Wunused-value]
  111 |                 (q_TEST, (void *)&val_to_process,portMAX_DELAY);
      |                                                 ^
../Core/Src/main.c:111:49: warning: statement with no effect [-Wunused-value]
  111 |                 (q_TEST, (void *)&val_to_process,portMAX_DELAY);
      |                 ~~~~~~~~~~~~~~~~~~~~~~~~~~~~~~~~^~~~~~~~~~~~~~~
../Core/Src/main.c: In function 'main':
../Core/Src/main.c:142:20: warning: variable 'xReturned' set but not used [-Wunused-but-set-variable]
  142 |         BaseType_t xReturned;
      |                    ^~~~~~~~~
make: *** [Core/Src/subdir.mk:43: Core/Src/main.o] Error 1
"make -j12 all" terminated with exit code 2. Build might be incomplete.
09:20:05 **** Incremental Build of configuration Debug for project TP_FreeRTOS_CROCE_MONNIER ****
make -j12 all 
arm-none-eabi-gcc "../Core/Src/main.c" -mcpu=cortex-m7 -std=gnu11 -g3 -DDEBUG -DUSE_HAL_DRIVER -DSTM32F746xx -c -I../Core/Inc -I../Drivers/STM32F7xx_HAL_Driver/Inc -I../Drivers/STM32F7xx_HAL_Driver/Inc/Legacy -I../Drivers/CMSIS/Device/ST/STM32F7xx/Include -I../Drivers/CMSIS/Include -I../Middlewares/Third_Party/FreeRTOS/Source/include -I../Middlewares/Third_Party/FreeRTOS/Source/CMSIS_RTOS -I../Middlewares/Third_Party/FreeRTOS/Source/portable/GCC/ARM_CM7/r0p1 -O0 -ffunction-sections -fdata-sections -Wall -fstack-usage -fcyclomatic-complexity -MMD -MP -MF"Core/Src/main.d" -MT"Core/Src/main.o" --specs=nano.specs -mfpu=fpv5-sp-d16 -mfloat-abi=hard -mthumb -o "Core/Src/main.o"
../Core/Src/main.c: In function 'Code1':
../Core/Src/main.c:92:25: error: 'error_handler' undeclared (first use in this function); did you mean 'Error_Handler'?
   92 |                         error_handler;
      |                         ^~~~~~~~~~~~~
      |                         Error_Handler
../Core/Src/main.c:92:25: note: each undeclared identifier is reported only once for each function it appears in
../Core/Src/main.c: In function 'Code2':
../Core/Src/main.c:111:24: warning: left-hand operand of comma expression has no effect [-Wunused-value]
  111 |                 (q_TEST, (void *)&val_to_process,portMAX_DELAY);
      |                        ^
../Core/Src/main.c:111:49: warning: left-hand operand of comma expression has no effect [-Wunused-value]
  111 |                 (q_TEST, (void *)&val_to_process,portMAX_DELAY);
      |                                                 ^
../Core/Src/main.c:111:49: warning: statement with no effect [-Wunused-value]
  111 |                 (q_TEST, (void *)&val_to_process,portMAX_DELAY);
      |                 ~~~~~~~~~~~~~~~~~~~~~~~~~~~~~~~~^~~~~~~~~~~~~~~
../Core/Src/main.c: In function 'main':
../Core/Src/main.c:142:20: warning: variable 'xReturned' set but not used [-Wunused-but-set-variable]
  142 |         BaseType_t xReturned;
      |                    ^~~~~~~~~
make: *** [Core/Src/subdir.mk:43: Core/Src/main.o] Error 1
"make -j12 all" terminated with exit code 2. Build might be incomplete.
09:20:25 **** Incremental Build of configuration Debug for project TP_FreeRTOS_CROCE_MONNIER ****
make -j12 all 
arm-none-eabi-gcc "../Core/Src/main.c" -mcpu=cortex-m7 -std=gnu11 -g3 -DDEBUG -DUSE_HAL_DRIVER -DSTM32F746xx -c -I../Core/Inc -I../Drivers/STM32F7xx_HAL_Driver/Inc -I../Drivers/STM32F7xx_HAL_Driver/Inc/Legacy -I../Drivers/CMSIS/Device/ST/STM32F7xx/Include -I../Drivers/CMSIS/Include -I../Middlewares/Third_Party/FreeRTOS/Source/include -I../Middlewares/Third_Party/FreeRTOS/Source/CMSIS_RTOS -I../Middlewares/Third_Party/FreeRTOS/Source/portable/GCC/ARM_CM7/r0p1 -O0 -ffunction-sections -fdata-sections -Wall -fstack-usage -fcyclomatic-complexity -MMD -MP -MF"Core/Src/main.d" -MT"Core/Src/main.o" --specs=nano.specs -mfpu=fpv5-sp-d16 -mfloat-abi=hard -mthumb -o "Core/Src/main.o"
../Core/Src/main.c: In function 'Code1':
../Core/Src/main.c:92:25: warning: implicit declaration of function 'error_handler'; did you mean 'Error_Handler'? [-Wimplicit-function-declaration]
   92 |                         error_handler();
      |                         ^~~~~~~~~~~~~
      |                         Error_Handler
../Core/Src/main.c: In function 'Code2':
../Core/Src/main.c:111:24: warning: left-hand operand of comma expression has no effect [-Wunused-value]
  111 |                 (q_TEST, (void *)&val_to_process,portMAX_DELAY);
      |                        ^
../Core/Src/main.c:111:49: warning: left-hand operand of comma expression has no effect [-Wunused-value]
  111 |                 (q_TEST, (void *)&val_to_process,portMAX_DELAY);
      |                                                 ^
../Core/Src/main.c:111:49: warning: statement with no effect [-Wunused-value]
  111 |                 (q_TEST, (void *)&val_to_process,portMAX_DELAY);
      |                 ~~~~~~~~~~~~~~~~~~~~~~~~~~~~~~~~^~~~~~~~~~~~~~~
../Core/Src/main.c: In function 'main':
../Core/Src/main.c:142:20: warning: variable 'xReturned' set but not used [-Wunused-but-set-variable]
  142 |         BaseType_t xReturned;
      |                    ^~~~~~~~~
arm-none-eabi-gcc -o "TP_FreeRTOS_CROCE_MONNIER.elf" @"objects.list"   -mcpu=cortex-m7 -T"/home/lcroce/Documents/Dev_Soft/TP_FreeRTOS_CROCE_MONNIER/TP_FreeRTOS_CROCE_MONNIER/STM32F746NGHX_FLASH.ld" --specs=nosys.specs -Wl,-Map="TP_FreeRTOS_CROCE_MONNIER.map" -Wl,--gc-sections -static --specs=nano.specs -mfpu=fpv5-sp-d16 -mfloat-abi=hard -mthumb -Wl,--start-group -lc -lm -Wl,--end-group
/opt/st/stm32cubeide_1.18.0/plugins/com.st.stm32cube.ide.mcu.externaltools.gnu-tools-for-stm32.13.3.rel1.linux64_1.0.0.202410170706/tools/bin/../lib/gcc/arm-none-eabi/13.3.1/../../../../arm-none-eabi/bin/ld: ./Core/Src/main.o: in function `Code1':
/home/lcroce/Documents/Dev_Soft/TP_FreeRTOS_CROCE_MONNIER/TP_FreeRTOS_CROCE_MONNIER/Debug/../Core/Src/main.c:92:(.text.Code1+0x2c): undefined reference to `error_handler'
collect2: error: ld returned 1 exit status
make: *** [makefile:68: TP_FreeRTOS_CROCE_MONNIER.elf] Error 1
"make -j12 all" terminated with exit code 2. Build might be incomplete.
09:20:37 **** Incremental Build of configuration Debug for project TP_FreeRTOS_CROCE_MONNIER ****
make -j12 all 
arm-none-eabi-gcc "../Core/Src/main.c" -mcpu=cortex-m7 -std=gnu11 -g3 -DDEBUG -DUSE_HAL_DRIVER -DSTM32F746xx -c -I../Core/Inc -I../Drivers/STM32F7xx_HAL_Driver/Inc -I../Drivers/STM32F7xx_HAL_Driver/Inc/Legacy -I../Drivers/CMSIS/Device/ST/STM32F7xx/Include -I../Drivers/CMSIS/Include -I../Middlewares/Third_Party/FreeRTOS/Source/include -I../Middlewares/Third_Party/FreeRTOS/Source/CMSIS_RTOS -I../Middlewares/Third_Party/FreeRTOS/Source/portable/GCC/ARM_CM7/r0p1 -O0 -ffunction-sections -fdata-sections -Wall -fstack-usage -fcyclomatic-complexity -MMD -MP -MF"Core/Src/main.d" -MT"Core/Src/main.o" --specs=nano.specs -mfpu=fpv5-sp-d16 -mfloat-abi=hard -mthumb -o "Core/Src/main.o"
../Core/Src/main.c: In function 'Code2':
../Core/Src/main.c:110:24: warning: left-hand operand of comma expression has no effect [-Wunused-value]
  110 |                 (q_TEST, (void *)&val_to_process,portMAX_DELAY);
      |                        ^
../Core/Src/main.c:110:49: warning: left-hand operand of comma expression has no effect [-Wunused-value]
  110 |                 (q_TEST, (void *)&val_to_process,portMAX_DELAY);
      |                                                 ^
../Core/Src/main.c:110:49: warning: statement with no effect [-Wunused-value]
  110 |                 (q_TEST, (void *)&val_to_process,portMAX_DELAY);
      |                 ~~~~~~~~~~~~~~~~~~~~~~~~~~~~~~~~^~~~~~~~~~~~~~~
../Core/Src/main.c: In function 'main':
../Core/Src/main.c:141:20: warning: variable 'xReturned' set but not used [-Wunused-but-set-variable]
  141 |         BaseType_t xReturned;
      |                    ^~~~~~~~~
arm-none-eabi-gcc -o "TP_FreeRTOS_CROCE_MONNIER.elf" @"objects.list"   -mcpu=cortex-m7 -T"/home/lcroce/Documents/Dev_Soft/TP_FreeRTOS_CROCE_MONNIER/TP_FreeRTOS_CROCE_MONNIER/STM32F746NGHX_FLASH.ld" --specs=nosys.specs -Wl,-Map="TP_FreeRTOS_CROCE_MONNIER.map" -Wl,--gc-sections -static --specs=nano.specs -mfpu=fpv5-sp-d16 -mfloat-abi=hard -mthumb -Wl,--start-group -lc -lm -Wl,--end-group
Finished building target: TP_FreeRTOS_CROCE_MONNIER.elf
 
arm-none-eabi-size  TP_FreeRTOS_CROCE_MONNIER.elf 
arm-none-eabi-objdump -h -S TP_FreeRTOS_CROCE_MONNIER.elf  > "TP_FreeRTOS_CROCE_MONNIER.list"
   text	   data	    bss	    dec	    hex	filename
  25820	    108	  18340	  44268	   acec	TP_FreeRTOS_CROCE_MONNIER.elf
Finished building: default.size.stdout
 
Finished building: TP_FreeRTOS_CROCE_MONNIER.list
 
